The system is: Linux - 4.8.6-201.fc21.x86_64 - x86_64
Compiling the C compiler identification source file "CMakeCCompilerId.c" succeeded.
Compiler: /usr/lib64/ccache/cc 
Build flags: 
Id flags:  

The output was:
0


Compilation of the C compiler identification source "CMakeCCompilerId.c" produced "a.out"

The C compiler identification is GNU, found in "/root/picture/comTutor/findStrFromMat/ckbuild/CMakeFiles/3.9.0/CompilerIdC/a.out"

Compiling the CXX compiler identification source file "CMakeCXXCompilerId.cpp" succeeded.
Compiler: /usr/lib64/ccache/c++ 
Build flags: 
Id flags:  

The output was:
0


Compilation of the CXX compiler identification source "CMakeCXXCompilerId.cpp" produced "a.out"

The CXX compiler identification is GNU, found in "/root/picture/comTutor/findStrFromMat/ckbuild/CMakeFiles/3.9.0/CompilerIdCXX/a.out"

Determining if the C compiler works passed with the following output:
Change Dir: /root/picture/comTutor/findStrFromMat/ckbuild/CMakeFiles/CMakeTmp

Run Build Command:"/usr/bin/gmake" "cmTC_5cc8f/fast"
/usr/bin/gmake -f CMakeFiles/cmTC_5cc8f.dir/build.make CMakeFiles/cmTC_5cc8f.dir/build
gmake[1]: Entering directory '/root/picture/comTutor/findStrFromMat/ckbuild/CMakeFiles/CMakeTmp'
Building C object CMakeFiles/cmTC_5cc8f.dir/testCCompiler.c.o
/usr/lib64/ccache/cc    -o CMakeFiles/cmTC_5cc8f.dir/testCCompiler.c.o   -c /root/picture/comTutor/findStrFromMat/ckbuild/CMakeFiles/CMakeTmp/testCCompiler.c
Linking C executable cmTC_5cc8f
/usr/bin/cmake -E cmake_link_script CMakeFiles/cmTC_5cc8f.dir/link.txt --verbose=1
/usr/lib64/ccache/cc      -rdynamic CMakeFiles/cmTC_5cc8f.dir/testCCompiler.c.o  -o cmTC_5cc8f 
gmake[1]: Leaving directory '/root/picture/comTutor/findStrFromMat/ckbuild/CMakeFiles/CMakeTmp'


Detecting C compiler ABI info compiled with the following output:
Change Dir: /root/picture/comTutor/findStrFromMat/ckbuild/CMakeFiles/CMakeTmp

Run Build Command:"/usr/bin/gmake" "cmTC_eb2c6/fast"
/usr/bin/gmake -f CMakeFiles/cmTC_eb2c6.dir/build.make CMakeFiles/cmTC_eb2c6.dir/build
gmake[1]: Entering directory '/root/picture/comTutor/findStrFromMat/ckbuild/CMakeFiles/CMakeTmp'
Building C object CMakeFiles/cmTC_eb2c6.dir/CMakeCCompilerABI.c.o
/usr/lib64/ccache/cc    -o CMakeFiles/cmTC_eb2c6.dir/CMakeCCompilerABI.c.o   -c /usr/share/cmake/Modules/CMakeCCompilerABI.c
Linking C executable cmTC_eb2c6
/usr/bin/cmake -E cmake_link_script CMakeFiles/cmTC_eb2c6.dir/link.txt --verbose=1
/usr/lib64/ccache/cc     -v -rdynamic CMakeFiles/cmTC_eb2c6.dir/CMakeCCompilerABI.c.o  -o cmTC_eb2c6 
使用内建 specs。
COLLECT_GCC=/usr/bin/cc
COLLECT_LTO_WRAPPER=/usr/libexec/gcc/x86_64-redhat-linux/6.4.1/lto-wrapper
目标：x86_64-redhat-linux
配置为：../configure --enable-bootstrap --enable-languages=c,c++,objc,obj-c++,fortran,ada,go,lto --prefix=/usr --mandir=/usr/share/man --infodir=/usr/share/info --with-bugurl=http://bugzilla.redhat.com/bugzilla --enable-shared --enable-threads=posix --enable-checking=release --enable-multilib --with-system-zlib --enable-__cxa_atexit --disable-libunwind-exceptions --enable-gnu-unique-object --enable-linker-build-id --with-linker-hash-style=gnu --enable-plugin --enable-initfini-array --disable-libgcj --with-isl --enable-libmpx --enable-gnu-indirect-function --with-tune=generic --with-arch_32=i686 --build=x86_64-redhat-linux
线程模型：posix
gcc 版本 6.4.1 20170727 (Red Hat 6.4.1-1) (GCC) 
COMPILER_PATH=/usr/libexec/gcc/x86_64-redhat-linux/6.4.1/:/usr/libexec/gcc/x86_64-redhat-linux/6.4.1/:/usr/libexec/gcc/x86_64-redhat-linux/:/usr/lib/gcc/x86_64-redhat-linux/6.4.1/:/usr/lib/gcc/x86_64-redhat-linux/
LIBRARY_PATH=/usr/lib/gcc/x86_64-redhat-linux/6.4.1/:/usr/lib/gcc/x86_64-redhat-linux/6.4.1/../../../../lib64/:/lib/../lib64/:/usr/lib/../lib64/:/usr/lib/gcc/x86_64-redhat-linux/6.4.1/../../../:/lib/:/usr/lib/
COLLECT_GCC_OPTIONS='-v' '-rdynamic' '-o' 'cmTC_eb2c6' '-mtune=generic' '-march=x86-64'
 /usr/libexec/gcc/x86_64-redhat-linux/6.4.1/collect2 -plugin /usr/libexec/gcc/x86_64-redhat-linux/6.4.1/liblto_plugin.so -plugin-opt=/usr/libexec/gcc/x86_64-redhat-linux/6.4.1/lto-wrapper -plugin-opt=-fresolution=/tmp/ccv16PRW.res -plugin-opt=-pass-through=-lgcc -plugin-opt=-pass-through=-lgcc_s -plugin-opt=-pass-through=-lc -plugin-opt=-pass-through=-lgcc -plugin-opt=-pass-through=-lgcc_s --build-id --no-add-needed --eh-frame-hdr --hash-style=gnu -m elf_x86_64 -export-dynamic -dynamic-linker /lib64/ld-linux-x86-64.so.2 -o cmTC_eb2c6 /usr/lib/gcc/x86_64-redhat-linux/6.4.1/../../../../lib64/crt1.o /usr/lib/gcc/x86_64-redhat-linux/6.4.1/../../../../lib64/crti.o /usr/lib/gcc/x86_64-redhat-linux/6.4.1/crtbegin.o -L/usr/lib/gcc/x86_64-redhat-linux/6.4.1 -L/usr/lib/gcc/x86_64-redhat-linux/6.4.1/../../../../lib64 -L/lib/../lib64 -L/usr/lib/../lib64 -L/usr/lib/gcc/x86_64-redhat-linux/6.4.1/../../.. CMakeFiles/cmTC_eb2c6.dir/CMakeCCompilerABI.c.o -lgcc --as-needed -lgcc_s --no-as-needed -lc -lgcc --as-needed -lgcc_s --no-as-needed /usr/lib/gcc/x86_64-redhat-linux/6.4.1/crtend.o /usr/lib/gcc/x86_64-redhat-linux/6.4.1/../../../../lib64/crtn.o
COLLECT_GCC_OPTIONS='-v' '-rdynamic' '-o' 'cmTC_eb2c6' '-mtune=generic' '-march=x86-64'
gmake[1]: Leaving directory '/root/picture/comTutor/findStrFromMat/ckbuild/CMakeFiles/CMakeTmp'


Parsed C implicit link information from above output:
  link line regex: [^( *|.*[/\])(ld|CMAKE_LINK_STARTFILE-NOTFOUND|([^/\]+-)?ld|collect2)[^/\]*( |$)]
  ignore line: [Change Dir: /root/picture/comTutor/findStrFromMat/ckbuild/CMakeFiles/CMakeTmp]
  ignore line: []
  ignore line: [Run Build Command:"/usr/bin/gmake" "cmTC_eb2c6/fast"]
  ignore line: [/usr/bin/gmake -f CMakeFiles/cmTC_eb2c6.dir/build.make CMakeFiles/cmTC_eb2c6.dir/build]
  ignore line: [gmake[1]: Entering directory '/root/picture/comTutor/findStrFromMat/ckbuild/CMakeFiles/CMakeTmp']
  ignore line: [Building C object CMakeFiles/cmTC_eb2c6.dir/CMakeCCompilerABI.c.o]
  ignore line: [/usr/lib64/ccache/cc    -o CMakeFiles/cmTC_eb2c6.dir/CMakeCCompilerABI.c.o   -c /usr/share/cmake/Modules/CMakeCCompilerABI.c]
  ignore line: [Linking C executable cmTC_eb2c6]
  ignore line: [/usr/bin/cmake -E cmake_link_script CMakeFiles/cmTC_eb2c6.dir/link.txt --verbose=1]
  ignore line: [/usr/lib64/ccache/cc     -v -rdynamic CMakeFiles/cmTC_eb2c6.dir/CMakeCCompilerABI.c.o  -o cmTC_eb2c6 ]
  ignore line: [使用内建 specs。]
  ignore line: [COLLECT_GCC=/usr/bin/cc]
  ignore line: [COLLECT_LTO_WRAPPER=/usr/libexec/gcc/x86_64-redhat-linux/6.4.1/lto-wrapper]
  ignore line: [目标：x86_64-redhat-linux]
  ignore line: [配置为：../configure --enable-bootstrap --enable-languages=c,c++,objc,obj-c++,fortran,ada,go,lto --prefix=/usr --mandir=/usr/share/man --infodir=/usr/share/info --with-bugurl=http://bugzilla.redhat.com/bugzilla --enable-shared --enable-threads=posix --enable-checking=release --enable-multilib --with-system-zlib --enable-__cxa_atexit --disable-libunwind-exceptions --enable-gnu-unique-object --enable-linker-build-id --with-linker-hash-style=gnu --enable-plugin --enable-initfini-array --disable-libgcj --with-isl --enable-libmpx --enable-gnu-indirect-function --with-tune=generic --with-arch_32=i686 --build=x86_64-redhat-linux]
  ignore line: [线程模型：posix]
  ignore line: [gcc 版本 6.4.1 20170727 (Red Hat 6.4.1-1) (GCC) ]
  ignore line: [COMPILER_PATH=/usr/libexec/gcc/x86_64-redhat-linux/6.4.1/:/usr/libexec/gcc/x86_64-redhat-linux/6.4.1/:/usr/libexec/gcc/x86_64-redhat-linux/:/usr/lib/gcc/x86_64-redhat-linux/6.4.1/:/usr/lib/gcc/x86_64-redhat-linux/]
  ignore line: [LIBRARY_PATH=/usr/lib/gcc/x86_64-redhat-linux/6.4.1/:/usr/lib/gcc/x86_64-redhat-linux/6.4.1/../../../../lib64/:/lib/../lib64/:/usr/lib/../lib64/:/usr/lib/gcc/x86_64-redhat-linux/6.4.1/../../../:/lib/:/usr/lib/]
  ignore line: [COLLECT_GCC_OPTIONS='-v' '-rdynamic' '-o' 'cmTC_eb2c6' '-mtune=generic' '-march=x86-64']
  link line: [ /usr/libexec/gcc/x86_64-redhat-linux/6.4.1/collect2 -plugin /usr/libexec/gcc/x86_64-redhat-linux/6.4.1/liblto_plugin.so -plugin-opt=/usr/libexec/gcc/x86_64-redhat-linux/6.4.1/lto-wrapper -plugin-opt=-fresolution=/tmp/ccv16PRW.res -plugin-opt=-pass-through=-lgcc -plugin-opt=-pass-through=-lgcc_s -plugin-opt=-pass-through=-lc -plugin-opt=-pass-through=-lgcc -plugin-opt=-pass-through=-lgcc_s --build-id --no-add-needed --eh-frame-hdr --hash-style=gnu -m elf_x86_64 -export-dynamic -dynamic-linker /lib64/ld-linux-x86-64.so.2 -o cmTC_eb2c6 /usr/lib/gcc/x86_64-redhat-linux/6.4.1/../../../../lib64/crt1.o /usr/lib/gcc/x86_64-redhat-linux/6.4.1/../../../../lib64/crti.o /usr/lib/gcc/x86_64-redhat-linux/6.4.1/crtbegin.o -L/usr/lib/gcc/x86_64-redhat-linux/6.4.1 -L/usr/lib/gcc/x86_64-redhat-linux/6.4.1/../../../../lib64 -L/lib/../lib64 -L/usr/lib/../lib64 -L/usr/lib/gcc/x86_64-redhat-linux/6.4.1/../../.. CMakeFiles/cmTC_eb2c6.dir/CMakeCCompilerABI.c.o -lgcc --as-needed -lgcc_s --no-as-needed -lc -lgcc --as-needed -lgcc_s --no-as-needed /usr/lib/gcc/x86_64-redhat-linux/6.4.1/crtend.o /usr/lib/gcc/x86_64-redhat-linux/6.4.1/../../../../lib64/crtn.o]
    arg [/usr/libexec/gcc/x86_64-redhat-linux/6.4.1/collect2] ==> ignore
    arg [-plugin] ==> ignore
    arg [/usr/libexec/gcc/x86_64-redhat-linux/6.4.1/liblto_plugin.so] ==> ignore
    arg [-plugin-opt=/usr/libexec/gcc/x86_64-redhat-linux/6.4.1/lto-wrapper] ==> ignore
    arg [-plugin-opt=-fresolution=/tmp/ccv16PRW.res] ==> ignore
    arg [-plugin-opt=-pass-through=-lgcc] ==> ignore
    arg [-plugin-opt=-pass-through=-lgcc_s] ==> ignore
    arg [-plugin-opt=-pass-through=-lc] ==> ignore
    arg [-plugin-opt=-pass-through=-lgcc] ==> ignore
    arg [-plugin-opt=-pass-through=-lgcc_s] ==> ignore
    arg [--build-id] ==> ignore
    arg [--no-add-needed] ==> ignore
    arg [--eh-frame-hdr] ==> ignore
    arg [--hash-style=gnu] ==> ignore
    arg [-m] ==> ignore
    arg [elf_x86_64] ==> ignore
    arg [-export-dynamic] ==> ignore
    arg [-dynamic-linker] ==> ignore
    arg [/lib64/ld-linux-x86-64.so.2] ==> ignore
    arg [-o] ==> ignore
    arg [cmTC_eb2c6] ==> ignore
    arg [/usr/lib/gcc/x86_64-redhat-linux/6.4.1/../../../../lib64/crt1.o] ==> ignore
    arg [/usr/lib/gcc/x86_64-redhat-linux/6.4.1/../../../../lib64/crti.o] ==> ignore
    arg [/usr/lib/gcc/x86_64-redhat-linux/6.4.1/crtbegin.o] ==> ignore
    arg [-L/usr/lib/gcc/x86_64-redhat-linux/6.4.1] ==> dir [/usr/lib/gcc/x86_64-redhat-linux/6.4.1]
    arg [-L/usr/lib/gcc/x86_64-redhat-linux/6.4.1/../../../../lib64] ==> dir [/usr/lib/gcc/x86_64-redhat-linux/6.4.1/../../../../lib64]
    arg [-L/lib/../lib64] ==> dir [/lib/../lib64]
    arg [-L/usr/lib/../lib64] ==> dir [/usr/lib/../lib64]
    arg [-L/usr/lib/gcc/x86_64-redhat-linux/6.4.1/../../..] ==> dir [/usr/lib/gcc/x86_64-redhat-linux/6.4.1/../../..]
    arg [CMakeFiles/cmTC_eb2c6.dir/CMakeCCompilerABI.c.o] ==> ignore
    arg [-lgcc] ==> lib [gcc]
    arg [--as-needed] ==> ignore
    arg [-lgcc_s] ==> lib [gcc_s]
    arg [--no-as-needed] ==> ignore
    arg [-lc] ==> lib [c]
    arg [-lgcc] ==> lib [gcc]
    arg [--as-needed] ==> ignore
    arg [-lgcc_s] ==> lib [gcc_s]
    arg [--no-as-needed] ==> ignore
    arg [/usr/lib/gcc/x86_64-redhat-linux/6.4.1/crtend.o] ==> ignore
    arg [/usr/lib/gcc/x86_64-redhat-linux/6.4.1/../../../../lib64/crtn.o] ==> ignore
  collapse library dir [/usr/lib/gcc/x86_64-redhat-linux/6.4.1] ==> [/usr/lib/gcc/x86_64-redhat-linux/6.4.1]
  collapse library dir [/usr/lib/gcc/x86_64-redhat-linux/6.4.1/../../../../lib64] ==> [/usr/lib64]
  collapse library dir [/lib/../lib64] ==> [/lib64]
  collapse library dir [/usr/lib/../lib64] ==> [/usr/lib64]
  collapse library dir [/usr/lib/gcc/x86_64-redhat-linux/6.4.1/../../..] ==> [/usr/lib]
  implicit libs: [gcc;gcc_s;c;gcc;gcc_s]
  implicit dirs: [/usr/lib/gcc/x86_64-redhat-linux/6.4.1;/usr/lib64;/lib64;/usr/lib]
  implicit fwks: []




Detecting C [-std=c11] compiler features compiled with the following output:
Change Dir: /root/picture/comTutor/findStrFromMat/ckbuild/CMakeFiles/CMakeTmp

Run Build Command:"/usr/bin/gmake" "cmTC_280bf/fast"
/usr/bin/gmake -f CMakeFiles/cmTC_280bf.dir/build.make CMakeFiles/cmTC_280bf.dir/build
gmake[1]: Entering directory '/root/picture/comTutor/findStrFromMat/ckbuild/CMakeFiles/CMakeTmp'
Building C object CMakeFiles/cmTC_280bf.dir/feature_tests.c.o
/usr/lib64/ccache/cc   -std=c11 -o CMakeFiles/cmTC_280bf.dir/feature_tests.c.o   -c /root/picture/comTutor/findStrFromMat/ckbuild/CMakeFiles/feature_tests.c
Linking C executable cmTC_280bf
/usr/bin/cmake -E cmake_link_script CMakeFiles/cmTC_280bf.dir/link.txt --verbose=1
/usr/lib64/ccache/cc      -rdynamic CMakeFiles/cmTC_280bf.dir/feature_tests.c.o  -o cmTC_280bf 
gmake[1]: Leaving directory '/root/picture/comTutor/findStrFromMat/ckbuild/CMakeFiles/CMakeTmp'


    Feature record: C_FEATURE:1c_function_prototypes
    Feature record: C_FEATURE:1c_restrict
    Feature record: C_FEATURE:1c_static_assert
    Feature record: C_FEATURE:1c_variadic_macros


Detecting C [-std=c99] compiler features compiled with the following output:
Change Dir: /root/picture/comTutor/findStrFromMat/ckbuild/CMakeFiles/CMakeTmp

Run Build Command:"/usr/bin/gmake" "cmTC_b2128/fast"
/usr/bin/gmake -f CMakeFiles/cmTC_b2128.dir/build.make CMakeFiles/cmTC_b2128.dir/build
gmake[1]: Entering directory '/root/picture/comTutor/findStrFromMat/ckbuild/CMakeFiles/CMakeTmp'
Building C object CMakeFiles/cmTC_b2128.dir/feature_tests.c.o
/usr/lib64/ccache/cc   -std=c99 -o CMakeFiles/cmTC_b2128.dir/feature_tests.c.o   -c /root/picture/comTutor/findStrFromMat/ckbuild/CMakeFiles/feature_tests.c
Linking C executable cmTC_b2128
/usr/bin/cmake -E cmake_link_script CMakeFiles/cmTC_b2128.dir/link.txt --verbose=1
/usr/lib64/ccache/cc      -rdynamic CMakeFiles/cmTC_b2128.dir/feature_tests.c.o  -o cmTC_b2128 
gmake[1]: Leaving directory '/root/picture/comTutor/findStrFromMat/ckbuild/CMakeFiles/CMakeTmp'


    Feature record: C_FEATURE:1c_function_prototypes
    Feature record: C_FEATURE:1c_restrict
    Feature record: C_FEATURE:0c_static_assert
    Feature record: C_FEATURE:1c_variadic_macros


Detecting C [-std=c90] compiler features compiled with the following output:
Change Dir: /root/picture/comTutor/findStrFromMat/ckbuild/CMakeFiles/CMakeTmp

Run Build Command:"/usr/bin/gmake" "cmTC_10a79/fast"
/usr/bin/gmake -f CMakeFiles/cmTC_10a79.dir/build.make CMakeFiles/cmTC_10a79.dir/build
gmake[1]: Entering directory '/root/picture/comTutor/findStrFromMat/ckbuild/CMakeFiles/CMakeTmp'
Building C object CMakeFiles/cmTC_10a79.dir/feature_tests.c.o
/usr/lib64/ccache/cc   -std=c90 -o CMakeFiles/cmTC_10a79.dir/feature_tests.c.o   -c /root/picture/comTutor/findStrFromMat/ckbuild/CMakeFiles/feature_tests.c
Linking C executable cmTC_10a79
/usr/bin/cmake -E cmake_link_script CMakeFiles/cmTC_10a79.dir/link.txt --verbose=1
/usr/lib64/ccache/cc      -rdynamic CMakeFiles/cmTC_10a79.dir/feature_tests.c.o  -o cmTC_10a79 
gmake[1]: Leaving directory '/root/picture/comTutor/findStrFromMat/ckbuild/CMakeFiles/CMakeTmp'


    Feature record: C_FEATURE:1c_function_prototypes
    Feature record: C_FEATURE:0c_restrict
    Feature record: C_FEATURE:0c_static_assert
    Feature record: C_FEATURE:0c_variadic_macros
Determining if the CXX compiler works passed with the following output:
Change Dir: /root/picture/comTutor/findStrFromMat/ckbuild/CMakeFiles/CMakeTmp

Run Build Command:"/usr/bin/gmake" "cmTC_386e7/fast"
/usr/bin/gmake -f CMakeFiles/cmTC_386e7.dir/build.make CMakeFiles/cmTC_386e7.dir/build
gmake[1]: Entering directory '/root/picture/comTutor/findStrFromMat/ckbuild/CMakeFiles/CMakeTmp'
Building CXX object CMakeFiles/cmTC_386e7.dir/testCXXCompiler.cxx.o
/usr/lib64/ccache/c++     -o CMakeFiles/cmTC_386e7.dir/testCXXCompiler.cxx.o -c /root/picture/comTutor/findStrFromMat/ckbuild/CMakeFiles/CMakeTmp/testCXXCompiler.cxx
Linking CXX executable cmTC_386e7
/usr/bin/cmake -E cmake_link_script CMakeFiles/cmTC_386e7.dir/link.txt --verbose=1
/usr/lib64/ccache/c++       -rdynamic CMakeFiles/cmTC_386e7.dir/testCXXCompiler.cxx.o  -o cmTC_386e7 
gmake[1]: Leaving directory '/root/picture/comTutor/findStrFromMat/ckbuild/CMakeFiles/CMakeTmp'


Detecting CXX compiler ABI info compiled with the following output:
Change Dir: /root/picture/comTutor/findStrFromMat/ckbuild/CMakeFiles/CMakeTmp

Run Build Command:"/usr/bin/gmake" "cmTC_b6742/fast"
/usr/bin/gmake -f CMakeFiles/cmTC_b6742.dir/build.make CMakeFiles/cmTC_b6742.dir/build
gmake[1]: Entering directory '/root/picture/comTutor/findStrFromMat/ckbuild/CMakeFiles/CMakeTmp'
Building CXX object CMakeFiles/cmTC_b6742.dir/CMakeCXXCompilerABI.cpp.o
/usr/lib64/ccache/c++     -o CMakeFiles/cmTC_b6742.dir/CMakeCXXCompilerABI.cpp.o -c /usr/share/cmake/Modules/CMakeCXXCompilerABI.cpp
Linking CXX executable cmTC_b6742
/usr/bin/cmake -E cmake_link_script CMakeFiles/cmTC_b6742.dir/link.txt --verbose=1
/usr/lib64/ccache/c++      -v -rdynamic CMakeFiles/cmTC_b6742.dir/CMakeCXXCompilerABI.cpp.o  -o cmTC_b6742 
使用内建 specs。
COLLECT_GCC=/usr/bin/c++
COLLECT_LTO_WRAPPER=/usr/libexec/gcc/x86_64-redhat-linux/6.4.1/lto-wrapper
目标：x86_64-redhat-linux
配置为：../configure --enable-bootstrap --enable-languages=c,c++,objc,obj-c++,fortran,ada,go,lto --prefix=/usr --mandir=/usr/share/man --infodir=/usr/share/info --with-bugurl=http://bugzilla.redhat.com/bugzilla --enable-shared --enable-threads=posix --enable-checking=release --enable-multilib --with-system-zlib --enable-__cxa_atexit --disable-libunwind-exceptions --enable-gnu-unique-object --enable-linker-build-id --with-linker-hash-style=gnu --enable-plugin --enable-initfini-array --disable-libgcj --with-isl --enable-libmpx --enable-gnu-indirect-function --with-tune=generic --with-arch_32=i686 --build=x86_64-redhat-linux
线程模型：posix
gcc 版本 6.4.1 20170727 (Red Hat 6.4.1-1) (GCC) 
COMPILER_PATH=/usr/libexec/gcc/x86_64-redhat-linux/6.4.1/:/usr/libexec/gcc/x86_64-redhat-linux/6.4.1/:/usr/libexec/gcc/x86_64-redhat-linux/:/usr/lib/gcc/x86_64-redhat-linux/6.4.1/:/usr/lib/gcc/x86_64-redhat-linux/
LIBRARY_PATH=/usr/lib/gcc/x86_64-redhat-linux/6.4.1/:/usr/lib/gcc/x86_64-redhat-linux/6.4.1/../../../../lib64/:/lib/../lib64/:/usr/lib/../lib64/:/usr/lib/gcc/x86_64-redhat-linux/6.4.1/../../../:/lib/:/usr/lib/
COLLECT_GCC_OPTIONS='-v' '-rdynamic' '-o' 'cmTC_b6742' '-shared-libgcc' '-mtune=generic' '-march=x86-64'
 /usr/libexec/gcc/x86_64-redhat-linux/6.4.1/collect2 -plugin /usr/libexec/gcc/x86_64-redhat-linux/6.4.1/liblto_plugin.so -plugin-opt=/usr/libexec/gcc/x86_64-redhat-linux/6.4.1/lto-wrapper -plugin-opt=-fresolution=/tmp/ccrlDosq.res -plugin-opt=-pass-through=-lgcc_s -plugin-opt=-pass-through=-lgcc -plugin-opt=-pass-through=-lc -plugin-opt=-pass-through=-lgcc_s -plugin-opt=-pass-through=-lgcc --build-id --no-add-needed --eh-frame-hdr --hash-style=gnu -m elf_x86_64 -export-dynamic -dynamic-linker /lib64/ld-linux-x86-64.so.2 -o cmTC_b6742 /usr/lib/gcc/x86_64-redhat-linux/6.4.1/../../../../lib64/crt1.o /usr/lib/gcc/x86_64-redhat-linux/6.4.1/../../../../lib64/crti.o /usr/lib/gcc/x86_64-redhat-linux/6.4.1/crtbegin.o -L/usr/lib/gcc/x86_64-redhat-linux/6.4.1 -L/usr/lib/gcc/x86_64-redhat-linux/6.4.1/../../../../lib64 -L/lib/../lib64 -L/usr/lib/../lib64 -L/usr/lib/gcc/x86_64-redhat-linux/6.4.1/../../.. CMakeFiles/cmTC_b6742.dir/CMakeCXXCompilerABI.cpp.o -lstdc++ -lm -lgcc_s -lgcc -lc -lgcc_s -lgcc /usr/lib/gcc/x86_64-redhat-linux/6.4.1/crtend.o /usr/lib/gcc/x86_64-redhat-linux/6.4.1/../../../../lib64/crtn.o
COLLECT_GCC_OPTIONS='-v' '-rdynamic' '-o' 'cmTC_b6742' '-shared-libgcc' '-mtune=generic' '-march=x86-64'
gmake[1]: Leaving directory '/root/picture/comTutor/findStrFromMat/ckbuild/CMakeFiles/CMakeTmp'


Parsed CXX implicit link information from above output:
  link line regex: [^( *|.*[/\])(ld|CMAKE_LINK_STARTFILE-NOTFOUND|([^/\]+-)?ld|collect2)[^/\]*( |$)]
  ignore line: [Change Dir: /root/picture/comTutor/findStrFromMat/ckbuild/CMakeFiles/CMakeTmp]
  ignore line: []
  ignore line: [Run Build Command:"/usr/bin/gmake" "cmTC_b6742/fast"]
  ignore line: [/usr/bin/gmake -f CMakeFiles/cmTC_b6742.dir/build.make CMakeFiles/cmTC_b6742.dir/build]
  ignore line: [gmake[1]: Entering directory '/root/picture/comTutor/findStrFromMat/ckbuild/CMakeFiles/CMakeTmp']
  ignore line: [Building CXX object CMakeFiles/cmTC_b6742.dir/CMakeCXXCompilerABI.cpp.o]
  ignore line: [/usr/lib64/ccache/c++     -o CMakeFiles/cmTC_b6742.dir/CMakeCXXCompilerABI.cpp.o -c /usr/share/cmake/Modules/CMakeCXXCompilerABI.cpp]
  ignore line: [Linking CXX executable cmTC_b6742]
  ignore line: [/usr/bin/cmake -E cmake_link_script CMakeFiles/cmTC_b6742.dir/link.txt --verbose=1]
  ignore line: [/usr/lib64/ccache/c++      -v -rdynamic CMakeFiles/cmTC_b6742.dir/CMakeCXXCompilerABI.cpp.o  -o cmTC_b6742 ]
  ignore line: [使用内建 specs。]
  ignore line: [COLLECT_GCC=/usr/bin/c++]
  ignore line: [COLLECT_LTO_WRAPPER=/usr/libexec/gcc/x86_64-redhat-linux/6.4.1/lto-wrapper]
  ignore line: [目标：x86_64-redhat-linux]
  ignore line: [配置为：../configure --enable-bootstrap --enable-languages=c,c++,objc,obj-c++,fortran,ada,go,lto --prefix=/usr --mandir=/usr/share/man --infodir=/usr/share/info --with-bugurl=http://bugzilla.redhat.com/bugzilla --enable-shared --enable-threads=posix --enable-checking=release --enable-multilib --with-system-zlib --enable-__cxa_atexit --disable-libunwind-exceptions --enable-gnu-unique-object --enable-linker-build-id --with-linker-hash-style=gnu --enable-plugin --enable-initfini-array --disable-libgcj --with-isl --enable-libmpx --enable-gnu-indirect-function --with-tune=generic --with-arch_32=i686 --build=x86_64-redhat-linux]
  ignore line: [线程模型：posix]
  ignore line: [gcc 版本 6.4.1 20170727 (Red Hat 6.4.1-1) (GCC) ]
  ignore line: [COMPILER_PATH=/usr/libexec/gcc/x86_64-redhat-linux/6.4.1/:/usr/libexec/gcc/x86_64-redhat-linux/6.4.1/:/usr/libexec/gcc/x86_64-redhat-linux/:/usr/lib/gcc/x86_64-redhat-linux/6.4.1/:/usr/lib/gcc/x86_64-redhat-linux/]
  ignore line: [LIBRARY_PATH=/usr/lib/gcc/x86_64-redhat-linux/6.4.1/:/usr/lib/gcc/x86_64-redhat-linux/6.4.1/../../../../lib64/:/lib/../lib64/:/usr/lib/../lib64/:/usr/lib/gcc/x86_64-redhat-linux/6.4.1/../../../:/lib/:/usr/lib/]
  ignore line: [COLLECT_GCC_OPTIONS='-v' '-rdynamic' '-o' 'cmTC_b6742' '-shared-libgcc' '-mtune=generic' '-march=x86-64']
  link line: [ /usr/libexec/gcc/x86_64-redhat-linux/6.4.1/collect2 -plugin /usr/libexec/gcc/x86_64-redhat-linux/6.4.1/liblto_plugin.so -plugin-opt=/usr/libexec/gcc/x86_64-redhat-linux/6.4.1/lto-wrapper -plugin-opt=-fresolution=/tmp/ccrlDosq.res -plugin-opt=-pass-through=-lgcc_s -plugin-opt=-pass-through=-lgcc -plugin-opt=-pass-through=-lc -plugin-opt=-pass-through=-lgcc_s -plugin-opt=-pass-through=-lgcc --build-id --no-add-needed --eh-frame-hdr --hash-style=gnu -m elf_x86_64 -export-dynamic -dynamic-linker /lib64/ld-linux-x86-64.so.2 -o cmTC_b6742 /usr/lib/gcc/x86_64-redhat-linux/6.4.1/../../../../lib64/crt1.o /usr/lib/gcc/x86_64-redhat-linux/6.4.1/../../../../lib64/crti.o /usr/lib/gcc/x86_64-redhat-linux/6.4.1/crtbegin.o -L/usr/lib/gcc/x86_64-redhat-linux/6.4.1 -L/usr/lib/gcc/x86_64-redhat-linux/6.4.1/../../../../lib64 -L/lib/../lib64 -L/usr/lib/../lib64 -L/usr/lib/gcc/x86_64-redhat-linux/6.4.1/../../.. CMakeFiles/cmTC_b6742.dir/CMakeCXXCompilerABI.cpp.o -lstdc++ -lm -lgcc_s -lgcc -lc -lgcc_s -lgcc /usr/lib/gcc/x86_64-redhat-linux/6.4.1/crtend.o /usr/lib/gcc/x86_64-redhat-linux/6.4.1/../../../../lib64/crtn.o]
    arg [/usr/libexec/gcc/x86_64-redhat-linux/6.4.1/collect2] ==> ignore
    arg [-plugin] ==> ignore
    arg [/usr/libexec/gcc/x86_64-redhat-linux/6.4.1/liblto_plugin.so] ==> ignore
    arg [-plugin-opt=/usr/libexec/gcc/x86_64-redhat-linux/6.4.1/lto-wrapper] ==> ignore
    arg [-plugin-opt=-fresolution=/tmp/ccrlDosq.res] ==> ignore
    arg [-plugin-opt=-pass-through=-lgcc_s] ==> ignore
    arg [-plugin-opt=-pass-through=-lgcc] ==> ignore
    arg [-plugin-opt=-pass-through=-lc] ==> ignore
    arg [-plugin-opt=-pass-through=-lgcc_s] ==> ignore
    arg [-plugin-opt=-pass-through=-lgcc] ==> ignore
    arg [--build-id] ==> ignore
    arg [--no-add-needed] ==> ignore
    arg [--eh-frame-hdr] ==> ignore
    arg [--hash-style=gnu] ==> ignore
    arg [-m] ==> ignore
    arg [elf_x86_64] ==> ignore
    arg [-export-dynamic] ==> ignore
    arg [-dynamic-linker] ==> ignore
    arg [/lib64/ld-linux-x86-64.so.2] ==> ignore
    arg [-o] ==> ignore
    arg [cmTC_b6742] ==> ignore
    arg [/usr/lib/gcc/x86_64-redhat-linux/6.4.1/../../../../lib64/crt1.o] ==> ignore
    arg [/usr/lib/gcc/x86_64-redhat-linux/6.4.1/../../../../lib64/crti.o] ==> ignore
    arg [/usr/lib/gcc/x86_64-redhat-linux/6.4.1/crtbegin.o] ==> ignore
    arg [-L/usr/lib/gcc/x86_64-redhat-linux/6.4.1] ==> dir [/usr/lib/gcc/x86_64-redhat-linux/6.4.1]
    arg [-L/usr/lib/gcc/x86_64-redhat-linux/6.4.1/../../../../lib64] ==> dir [/usr/lib/gcc/x86_64-redhat-linux/6.4.1/../../../../lib64]
    arg [-L/lib/../lib64] ==> dir [/lib/../lib64]
    arg [-L/usr/lib/../lib64] ==> dir [/usr/lib/../lib64]
    arg [-L/usr/lib/gcc/x86_64-redhat-linux/6.4.1/../../..] ==> dir [/usr/lib/gcc/x86_64-redhat-linux/6.4.1/../../..]
    arg [CMakeFiles/cmTC_b6742.dir/CMakeCXXCompilerABI.cpp.o] ==> ignore
    arg [-lstdc++] ==> lib [stdc++]
    arg [-lm] ==> lib [m]
    arg [-lgcc_s] ==> lib [gcc_s]
    arg [-lgcc] ==> lib [gcc]
    arg [-lc] ==> lib [c]
    arg [-lgcc_s] ==> lib [gcc_s]
    arg [-lgcc] ==> lib [gcc]
    arg [/usr/lib/gcc/x86_64-redhat-linux/6.4.1/crtend.o] ==> ignore
    arg [/usr/lib/gcc/x86_64-redhat-linux/6.4.1/../../../../lib64/crtn.o] ==> ignore
  collapse library dir [/usr/lib/gcc/x86_64-redhat-linux/6.4.1] ==> [/usr/lib/gcc/x86_64-redhat-linux/6.4.1]
  collapse library dir [/usr/lib/gcc/x86_64-redhat-linux/6.4.1/../../../../lib64] ==> [/usr/lib64]
  collapse library dir [/lib/../lib64] ==> [/lib64]
  collapse library dir [/usr/lib/../lib64] ==> [/usr/lib64]
  collapse library dir [/usr/lib/gcc/x86_64-redhat-linux/6.4.1/../../..] ==> [/usr/lib]
  implicit libs: [stdc++;m;gcc_s;gcc;c;gcc_s;gcc]
  implicit dirs: [/usr/lib/gcc/x86_64-redhat-linux/6.4.1;/usr/lib64;/lib64;/usr/lib]
  implicit fwks: []




Detecting CXX [-std=c++1z] compiler features compiled with the following output:
Change Dir: /root/picture/comTutor/findStrFromMat/ckbuild/CMakeFiles/CMakeTmp

Run Build Command:"/usr/bin/gmake" "cmTC_c1901/fast"
/usr/bin/gmake -f CMakeFiles/cmTC_c1901.dir/build.make CMakeFiles/cmTC_c1901.dir/build
gmake[1]: Entering directory '/root/picture/comTutor/findStrFromMat/ckbuild/CMakeFiles/CMakeTmp'
Building CXX object CMakeFiles/cmTC_c1901.dir/feature_tests.cxx.o
/usr/lib64/ccache/c++    -std=c++1z -o CMakeFiles/cmTC_c1901.dir/feature_tests.cxx.o -c /root/picture/comTutor/findStrFromMat/ckbuild/CMakeFiles/feature_tests.cxx
Linking CXX executable cmTC_c1901
/usr/bin/cmake -E cmake_link_script CMakeFiles/cmTC_c1901.dir/link.txt --verbose=1
/usr/lib64/ccache/c++       -rdynamic CMakeFiles/cmTC_c1901.dir/feature_tests.cxx.o  -o cmTC_c1901 
gmake[1]: Leaving directory '/root/picture/comTutor/findStrFromMat/ckbuild/CMakeFiles/CMakeTmp'


    Feature record: CXX_FEATURE:1cxx_aggregate_default_initializers
    Feature record: CXX_FEATURE:1cxx_alias_templates
    Feature record: CXX_FEATURE:1cxx_alignas
    Feature record: CXX_FEATURE:1cxx_alignof
    Feature record: CXX_FEATURE:1cxx_attributes
    Feature record: CXX_FEATURE:1cxx_attribute_deprecated
    Feature record: CXX_FEATURE:1cxx_auto_type
    Feature record: CXX_FEATURE:1cxx_binary_literals
    Feature record: CXX_FEATURE:1cxx_constexpr
    Feature record: CXX_FEATURE:1cxx_contextual_conversions
    Feature record: CXX_FEATURE:1cxx_decltype
    Feature record: CXX_FEATURE:1cxx_decltype_auto
    Feature record: CXX_FEATURE:1cxx_decltype_incomplete_return_types
    Feature record: CXX_FEATURE:1cxx_default_function_template_args
    Feature record: CXX_FEATURE:1cxx_defaulted_functions
    Feature record: CXX_FEATURE:1cxx_defaulted_move_initializers
    Feature record: CXX_FEATURE:1cxx_delegating_constructors
    Feature record: CXX_FEATURE:1cxx_deleted_functions
    Feature record: CXX_FEATURE:1cxx_digit_separators
    Feature record: CXX_FEATURE:1cxx_enum_forward_declarations
    Feature record: CXX_FEATURE:1cxx_explicit_conversions
    Feature record: CXX_FEATURE:1cxx_extended_friend_declarations
    Feature record: CXX_FEATURE:1cxx_extern_templates
    Feature record: CXX_FEATURE:1cxx_final
    Feature record: CXX_FEATURE:1cxx_func_identifier
    Feature record: CXX_FEATURE:1cxx_generalized_initializers
    Feature record: CXX_FEATURE:1cxx_generic_lambdas
    Feature record: CXX_FEATURE:1cxx_inheriting_constructors
    Feature record: CXX_FEATURE:1cxx_inline_namespaces
    Feature record: CXX_FEATURE:1cxx_lambdas
    Feature record: CXX_FEATURE:1cxx_lambda_init_captures
    Feature record: CXX_FEATURE:1cxx_local_type_template_args
    Feature record: CXX_FEATURE:1cxx_long_long_type
    Feature record: CXX_FEATURE:1cxx_noexcept
    Feature record: CXX_FEATURE:1cxx_nonstatic_member_init
    Feature record: CXX_FEATURE:1cxx_nullptr
    Feature record: CXX_FEATURE:1cxx_override
    Feature record: CXX_FEATURE:1cxx_range_for
    Feature record: CXX_FEATURE:1cxx_raw_string_literals
    Feature record: CXX_FEATURE:1cxx_reference_qualified_functions
    Feature record: CXX_FEATURE:1cxx_relaxed_constexpr
    Feature record: CXX_FEATURE:1cxx_return_type_deduction
    Feature record: CXX_FEATURE:1cxx_right_angle_brackets
    Feature record: CXX_FEATURE:1cxx_rvalue_references
    Feature record: CXX_FEATURE:1cxx_sizeof_member
    Feature record: CXX_FEATURE:1cxx_static_assert
    Feature record: CXX_FEATURE:1cxx_strong_enums
    Feature record: CXX_FEATURE:1cxx_template_template_parameters
    Feature record: CXX_FEATURE:1cxx_thread_local
    Feature record: CXX_FEATURE:1cxx_trailing_return_types
    Feature record: CXX_FEATURE:1cxx_unicode_literals
    Feature record: CXX_FEATURE:1cxx_uniform_initialization
    Feature record: CXX_FEATURE:1cxx_unrestricted_unions
    Feature record: CXX_FEATURE:1cxx_user_literals
    Feature record: CXX_FEATURE:1cxx_variable_templates
    Feature record: CXX_FEATURE:1cxx_variadic_macros
    Feature record: CXX_FEATURE:1cxx_variadic_templates


Detecting CXX [-std=c++14] compiler features compiled with the following output:
Change Dir: /root/picture/comTutor/findStrFromMat/ckbuild/CMakeFiles/CMakeTmp

Run Build Command:"/usr/bin/gmake" "cmTC_c905e/fast"
/usr/bin/gmake -f CMakeFiles/cmTC_c905e.dir/build.make CMakeFiles/cmTC_c905e.dir/build
gmake[1]: Entering directory '/root/picture/comTutor/findStrFromMat/ckbuild/CMakeFiles/CMakeTmp'
Building CXX object CMakeFiles/cmTC_c905e.dir/feature_tests.cxx.o
/usr/lib64/ccache/c++    -std=c++14 -o CMakeFiles/cmTC_c905e.dir/feature_tests.cxx.o -c /root/picture/comTutor/findStrFromMat/ckbuild/CMakeFiles/feature_tests.cxx
Linking CXX executable cmTC_c905e
/usr/bin/cmake -E cmake_link_script CMakeFiles/cmTC_c905e.dir/link.txt --verbose=1
/usr/lib64/ccache/c++       -rdynamic CMakeFiles/cmTC_c905e.dir/feature_tests.cxx.o  -o cmTC_c905e 
gmake[1]: Leaving directory '/root/picture/comTutor/findStrFromMat/ckbuild/CMakeFiles/CMakeTmp'


    Feature record: CXX_FEATURE:1cxx_aggregate_default_initializers
    Feature record: CXX_FEATURE:1cxx_alias_templates
    Feature record: CXX_FEATURE:1cxx_alignas
    Feature record: CXX_FEATURE:1cxx_alignof
    Feature record: CXX_FEATURE:1cxx_attributes
    Feature record: CXX_FEATURE:1cxx_attribute_deprecated
    Feature record: CXX_FEATURE:1cxx_auto_type
    Feature record: CXX_FEATURE:1cxx_binary_literals
    Feature record: CXX_FEATURE:1cxx_constexpr
    Feature record: CXX_FEATURE:1cxx_contextual_conversions
    Feature record: CXX_FEATURE:1cxx_decltype
    Feature record: CXX_FEATURE:1cxx_decltype_auto
    Feature record: CXX_FEATURE:1cxx_decltype_incomplete_return_types
    Feature record: CXX_FEATURE:1cxx_default_function_template_args
    Feature record: CXX_FEATURE:1cxx_defaulted_functions
    Feature record: CXX_FEATURE:1cxx_defaulted_move_initializers
    Feature record: CXX_FEATURE:1cxx_delegating_constructors
    Feature record: CXX_FEATURE:1cxx_deleted_functions
    Feature record: CXX_FEATURE:1cxx_digit_separators
    Feature record: CXX_FEATURE:1cxx_enum_forward_declarations
    Feature record: CXX_FEATURE:1cxx_explicit_conversions
    Feature record: CXX_FEATURE:1cxx_extended_friend_declarations
    Feature record: CXX_FEATURE:1cxx_extern_templates
    Feature record: CXX_FEATURE:1cxx_final
    Feature record: CXX_FEATURE:1cxx_func_identifier
    Feature record: CXX_FEATURE:1cxx_generalized_initializers
    Feature record: CXX_FEATURE:1cxx_generic_lambdas
    Feature record: CXX_FEATURE:1cxx_inheriting_constructors
    Feature record: CXX_FEATURE:1cxx_inline_namespaces
    Feature record: CXX_FEATURE:1cxx_lambdas
    Feature record: CXX_FEATURE:1cxx_lambda_init_captures
    Feature record: CXX_FEATURE:1cxx_local_type_template_args
    Feature record: CXX_FEATURE:1cxx_long_long_type
    Feature record: CXX_FEATURE:1cxx_noexcept
    Feature record: CXX_FEATURE:1cxx_nonstatic_member_init
    Feature record: CXX_FEATURE:1cxx_nullptr
    Feature record: CXX_FEATURE:1cxx_override
    Feature record: CXX_FEATURE:1cxx_range_for
    Feature record: CXX_FEATURE:1cxx_raw_string_literals
    Feature record: CXX_FEATURE:1cxx_reference_qualified_functions
    Feature record: CXX_FEATURE:1cxx_relaxed_constexpr
    Feature record: CXX_FEATURE:1cxx_return_type_deduction
    Feature record: CXX_FEATURE:1cxx_right_angle_brackets
    Feature record: CXX_FEATURE:1cxx_rvalue_references
    Feature record: CXX_FEATURE:1cxx_sizeof_member
    Feature record: CXX_FEATURE:1cxx_static_assert
    Feature record: CXX_FEATURE:1cxx_strong_enums
    Feature record: CXX_FEATURE:1cxx_template_template_parameters
    Feature record: CXX_FEATURE:1cxx_thread_local
    Feature record: CXX_FEATURE:1cxx_trailing_return_types
    Feature record: CXX_FEATURE:1cxx_unicode_literals
    Feature record: CXX_FEATURE:1cxx_uniform_initialization
    Feature record: CXX_FEATURE:1cxx_unrestricted_unions
    Feature record: CXX_FEATURE:1cxx_user_literals
    Feature record: CXX_FEATURE:1cxx_variable_templates
    Feature record: CXX_FEATURE:1cxx_variadic_macros
    Feature record: CXX_FEATURE:1cxx_variadic_templates


Detecting CXX [-std=c++11] compiler features compiled with the following output:
Change Dir: /root/picture/comTutor/findStrFromMat/ckbuild/CMakeFiles/CMakeTmp

Run Build Command:"/usr/bin/gmake" "cmTC_6058e/fast"
/usr/bin/gmake -f CMakeFiles/cmTC_6058e.dir/build.make CMakeFiles/cmTC_6058e.dir/build
gmake[1]: Entering directory '/root/picture/comTutor/findStrFromMat/ckbuild/CMakeFiles/CMakeTmp'
Building CXX object CMakeFiles/cmTC_6058e.dir/feature_tests.cxx.o
/usr/lib64/ccache/c++    -std=c++11 -o CMakeFiles/cmTC_6058e.dir/feature_tests.cxx.o -c /root/picture/comTutor/findStrFromMat/ckbuild/CMakeFiles/feature_tests.cxx
Linking CXX executable cmTC_6058e
/usr/bin/cmake -E cmake_link_script CMakeFiles/cmTC_6058e.dir/link.txt --verbose=1
/usr/lib64/ccache/c++       -rdynamic CMakeFiles/cmTC_6058e.dir/feature_tests.cxx.o  -o cmTC_6058e 
gmake[1]: Leaving directory '/root/picture/comTutor/findStrFromMat/ckbuild/CMakeFiles/CMakeTmp'


    Feature record: CXX_FEATURE:0cxx_aggregate_default_initializers
    Feature record: CXX_FEATURE:1cxx_alias_templates
    Feature record: CXX_FEATURE:1cxx_alignas
    Feature record: CXX_FEATURE:1cxx_alignof
    Feature record: CXX_FEATURE:1cxx_attributes
    Feature record: CXX_FEATURE:0cxx_attribute_deprecated
    Feature record: CXX_FEATURE:1cxx_auto_type
    Feature record: CXX_FEATURE:0cxx_binary_literals
    Feature record: CXX_FEATURE:1cxx_constexpr
    Feature record: CXX_FEATURE:0cxx_contextual_conversions
    Feature record: CXX_FEATURE:1cxx_decltype
    Feature record: CXX_FEATURE:0cxx_decltype_auto
    Feature record: CXX_FEATURE:1cxx_decltype_incomplete_return_types
    Feature record: CXX_FEATURE:1cxx_default_function_template_args
    Feature record: CXX_FEATURE:1cxx_defaulted_functions
    Feature record: CXX_FEATURE:1cxx_defaulted_move_initializers
    Feature record: CXX_FEATURE:1cxx_delegating_constructors
    Feature record: CXX_FEATURE:1cxx_deleted_functions
    Feature record: CXX_FEATURE:0cxx_digit_separators
    Feature record: CXX_FEATURE:1cxx_enum_forward_declarations
    Feature record: CXX_FEATURE:1cxx_explicit_conversions
    Feature record: CXX_FEATURE:1cxx_extended_friend_declarations
    Feature record: CXX_FEATURE:1cxx_extern_templates
    Feature record: CXX_FEATURE:1cxx_final
    Feature record: CXX_FEATURE:1cxx_func_identifier
    Feature record: CXX_FEATURE:1cxx_generalized_initializers
    Feature record: CXX_FEATURE:0cxx_generic_lambdas
    Feature record: CXX_FEATURE:1cxx_inheriting_constructors
    Feature record: CXX_FEATURE:1cxx_inline_namespaces
    Feature record: CXX_FEATURE:1cxx_lambdas
    Feature record: CXX_FEATURE:0cxx_lambda_init_captures
    Feature record: CXX_FEATURE:1cxx_local_type_template_args
    Feature record: CXX_FEATURE:1cxx_long_long_type
    Feature record: CXX_FEATURE:1cxx_noexcept
    Feature record: CXX_FEATURE:1cxx_nonstatic_member_init
    Feature record: CXX_FEATURE:1cxx_nullptr
    Feature record: CXX_FEATURE:1cxx_override
    Feature record: CXX_FEATURE:1cxx_range_for
    Feature record: CXX_FEATURE:1cxx_raw_string_literals
    Feature record: CXX_FEATURE:1cxx_reference_qualified_functions
    Feature record: CXX_FEATURE:0cxx_relaxed_constexpr
    Feature record: CXX_FEATURE:0cxx_return_type_deduction
    Feature record: CXX_FEATURE:1cxx_right_angle_brackets
    Feature record: CXX_FEATURE:1cxx_rvalue_references
    Feature record: CXX_FEATURE:1cxx_sizeof_member
    Feature record: CXX_FEATURE:1cxx_static_assert
    Feature record: CXX_FEATURE:1cxx_strong_enums
    Feature record: CXX_FEATURE:1cxx_template_template_parameters
    Feature record: CXX_FEATURE:1cxx_thread_local
    Feature record: CXX_FEATURE:1cxx_trailing_return_types
    Feature record: CXX_FEATURE:1cxx_unicode_literals
    Feature record: CXX_FEATURE:1cxx_uniform_initialization
    Feature record: CXX_FEATURE:1cxx_unrestricted_unions
    Feature record: CXX_FEATURE:1cxx_user_literals
    Feature record: CXX_FEATURE:0cxx_variable_templates
    Feature record: CXX_FEATURE:1cxx_variadic_macros
    Feature record: CXX_FEATURE:1cxx_variadic_templates


Detecting CXX [-std=c++98] compiler features compiled with the following output:
Change Dir: /root/picture/comTutor/findStrFromMat/ckbuild/CMakeFiles/CMakeTmp

Run Build Command:"/usr/bin/gmake" "cmTC_2f0fe/fast"
/usr/bin/gmake -f CMakeFiles/cmTC_2f0fe.dir/build.make CMakeFiles/cmTC_2f0fe.dir/build
gmake[1]: Entering directory '/root/picture/comTutor/findStrFromMat/ckbuild/CMakeFiles/CMakeTmp'
Building CXX object CMakeFiles/cmTC_2f0fe.dir/feature_tests.cxx.o
/usr/lib64/ccache/c++    -std=c++98 -o CMakeFiles/cmTC_2f0fe.dir/feature_tests.cxx.o -c /root/picture/comTutor/findStrFromMat/ckbuild/CMakeFiles/feature_tests.cxx
Linking CXX executable cmTC_2f0fe
/usr/bin/cmake -E cmake_link_script CMakeFiles/cmTC_2f0fe.dir/link.txt --verbose=1
/usr/lib64/ccache/c++       -rdynamic CMakeFiles/cmTC_2f0fe.dir/feature_tests.cxx.o  -o cmTC_2f0fe 
gmake[1]: Leaving directory '/root/picture/comTutor/findStrFromMat/ckbuild/CMakeFiles/CMakeTmp'


    Feature record: CXX_FEATURE:0cxx_aggregate_default_initializers
    Feature record: CXX_FEATURE:0cxx_alias_templates
    Feature record: CXX_FEATURE:0cxx_alignas
    Feature record: CXX_FEATURE:0cxx_alignof
    Feature record: CXX_FEATURE:0cxx_attributes
    Feature record: CXX_FEATURE:0cxx_attribute_deprecated
    Feature record: CXX_FEATURE:0cxx_auto_type
    Feature record: CXX_FEATURE:0cxx_binary_literals
    Feature record: CXX_FEATURE:0cxx_constexpr
    Feature record: CXX_FEATURE:0cxx_contextual_conversions
    Feature record: CXX_FEATURE:0cxx_decltype
    Feature record: CXX_FEATURE:0cxx_decltype_auto
    Feature record: CXX_FEATURE:0cxx_decltype_incomplete_return_types
    Feature record: CXX_FEATURE:0cxx_default_function_template_args
    Feature record: CXX_FEATURE:0cxx_defaulted_functions
    Feature record: CXX_FEATURE:0cxx_defaulted_move_initializers
    Feature record: CXX_FEATURE:0cxx_delegating_constructors
    Feature record: CXX_FEATURE:0cxx_deleted_functions
    Feature record: CXX_FEATURE:0cxx_digit_separators
    Feature record: CXX_FEATURE:0cxx_enum_forward_declarations
    Feature record: CXX_FEATURE:0cxx_explicit_conversions
    Feature record: CXX_FEATURE:0cxx_extended_friend_declarations
    Feature record: CXX_FEATURE:0cxx_extern_templates
    Feature record: CXX_FEATURE:0cxx_final
    Feature record: CXX_FEATURE:0cxx_func_identifier
    Feature record: CXX_FEATURE:0cxx_generalized_initializers
    Feature record: CXX_FEATURE:0cxx_generic_lambdas
    Feature record: CXX_FEATURE:0cxx_inheriting_constructors
    Feature record: CXX_FEATURE:0cxx_inline_namespaces
    Feature record: CXX_FEATURE:0cxx_lambdas
    Feature record: CXX_FEATURE:0cxx_lambda_init_captures
    Feature record: CXX_FEATURE:0cxx_local_type_template_args
    Feature record: CXX_FEATURE:0cxx_long_long_type
    Feature record: CXX_FEATURE:0cxx_noexcept
    Feature record: CXX_FEATURE:0cxx_nonstatic_member_init
    Feature record: CXX_FEATURE:0cxx_nullptr
    Feature record: CXX_FEATURE:0cxx_override
    Feature record: CXX_FEATURE:0cxx_range_for
    Feature record: CXX_FEATURE:0cxx_raw_string_literals
    Feature record: CXX_FEATURE:0cxx_reference_qualified_functions
    Feature record: CXX_FEATURE:0cxx_relaxed_constexpr
    Feature record: CXX_FEATURE:0cxx_return_type_deduction
    Feature record: CXX_FEATURE:0cxx_right_angle_brackets
    Feature record: CXX_FEATURE:0cxx_rvalue_references
    Feature record: CXX_FEATURE:0cxx_sizeof_member
    Feature record: CXX_FEATURE:0cxx_static_assert
    Feature record: CXX_FEATURE:0cxx_strong_enums
    Feature record: CXX_FEATURE:1cxx_template_template_parameters
    Feature record: CXX_FEATURE:0cxx_thread_local
    Feature record: CXX_FEATURE:0cxx_trailing_return_types
    Feature record: CXX_FEATURE:0cxx_unicode_literals
    Feature record: CXX_FEATURE:0cxx_uniform_initialization
    Feature record: CXX_FEATURE:0cxx_unrestricted_unions
    Feature record: CXX_FEATURE:0cxx_user_literals
    Feature record: CXX_FEATURE:0cxx_variable_templates
    Feature record: CXX_FEATURE:0cxx_variadic_macros
    Feature record: CXX_FEATURE:0cxx_variadic_templates
The system is: Linux - 4.8.6-201.fc21.x86_64 - x86_64
Compiling the C compiler identification source file "CMakeCCompilerId.c" succeeded.
Compiler: /usr/lib64/ccache/cc 
Build flags: 
Id flags:  

The output was:
0


Compilation of the C compiler identification source "CMakeCCompilerId.c" produced "a.out"

The C compiler identification is GNU, found in "/root/picture/comTutor/findStrFromMat/ckbuild_ft/CMakeFiles/3.9.0/CompilerIdC/a.out"

Compiling the CXX compiler identification source file "CMakeCXXCompilerId.cpp" succeeded.
Compiler: /usr/lib64/ccache/c++ 
Build flags: 
Id flags:  

The output was:
0


Compilation of the CXX compiler identification source "CMakeCXXCompilerId.cpp" produced "a.out"

The CXX compiler identification is GNU, found in "/root/picture/comTutor/findStrFromMat/ckbuild_ft/CMakeFiles/3.9.0/CompilerIdCXX/a.out"

Determining if the C compiler works passed with the following output:
Change Dir: /root/picture/comTutor/findStrFromMat/ckbuild_ft/CMakeFiles/CMakeTmp

Run Build Command:"/usr/bin/gmake" "cmTC_c45ae/fast"
/usr/bin/gmake -f CMakeFiles/cmTC_c45ae.dir/build.make CMakeFiles/cmTC_c45ae.dir/build
gmake[1]: Entering directory '/root/picture/comTutor/findStrFromMat/ckbuild_ft/CMakeFiles/CMakeTmp'
Building C object CMakeFiles/cmTC_c45ae.dir/testCCompiler.c.o
/usr/lib64/ccache/cc    -o CMakeFiles/cmTC_c45ae.dir/testCCompiler.c.o   -c /root/picture/comTutor/findStrFromMat/ckbuild_ft/CMakeFiles/CMakeTmp/testCCompiler.c
Linking C executable cmTC_c45ae
/usr/bin/cmake -E cmake_link_script CMakeFiles/cmTC_c45ae.dir/link.txt --verbose=1
/usr/lib64/ccache/cc      -rdynamic CMakeFiles/cmTC_c45ae.dir/testCCompiler.c.o  -o cmTC_c45ae 
gmake[1]: Leaving directory '/root/picture/comTutor/findStrFromMat/ckbuild_ft/CMakeFiles/CMakeTmp'


Detecting C compiler ABI info compiled with the following output:
Change Dir: /root/picture/comTutor/findStrFromMat/ckbuild_ft/CMakeFiles/CMakeTmp

Run Build Command:"/usr/bin/gmake" "cmTC_6fb10/fast"
/usr/bin/gmake -f CMakeFiles/cmTC_6fb10.dir/build.make CMakeFiles/cmTC_6fb10.dir/build
gmake[1]: Entering directory '/root/picture/comTutor/findStrFromMat/ckbuild_ft/CMakeFiles/CMakeTmp'
Building C object CMakeFiles/cmTC_6fb10.dir/CMakeCCompilerABI.c.o
/usr/lib64/ccache/cc    -o CMakeFiles/cmTC_6fb10.dir/CMakeCCompilerABI.c.o   -c /usr/share/cmake/Modules/CMakeCCompilerABI.c
Linking C executable cmTC_6fb10
/usr/bin/cmake -E cmake_link_script CMakeFiles/cmTC_6fb10.dir/link.txt --verbose=1
/usr/lib64/ccache/cc     -v -rdynamic CMakeFiles/cmTC_6fb10.dir/CMakeCCompilerABI.c.o  -o cmTC_6fb10 
使用内建 specs。
COLLECT_GCC=/usr/bin/cc
COLLECT_LTO_WRAPPER=/usr/libexec/gcc/x86_64-redhat-linux/6.4.1/lto-wrapper
目标：x86_64-redhat-linux
配置为：../configure --enable-bootstrap --enable-languages=c,c++,objc,obj-c++,fortran,ada,go,lto --prefix=/usr --mandir=/usr/share/man --infodir=/usr/share/info --with-bugurl=http://bugzilla.redhat.com/bugzilla --enable-shared --enable-threads=posix --enable-checking=release --enable-multilib --with-system-zlib --enable-__cxa_atexit --disable-libunwind-exceptions --enable-gnu-unique-object --enable-linker-build-id --with-linker-hash-style=gnu --enable-plugin --enable-initfini-array --disable-libgcj --with-isl --enable-libmpx --enable-gnu-indirect-function --with-tune=generic --with-arch_32=i686 --build=x86_64-redhat-linux
线程模型：posix
gcc 版本 6.4.1 20170727 (Red Hat 6.4.1-1) (GCC) 
COMPILER_PATH=/usr/libexec/gcc/x86_64-redhat-linux/6.4.1/:/usr/libexec/gcc/x86_64-redhat-linux/6.4.1/:/usr/libexec/gcc/x86_64-redhat-linux/:/usr/lib/gcc/x86_64-redhat-linux/6.4.1/:/usr/lib/gcc/x86_64-redhat-linux/
LIBRARY_PATH=/usr/lib/gcc/x86_64-redhat-linux/6.4.1/:/usr/lib/gcc/x86_64-redhat-linux/6.4.1/../../../../lib64/:/lib/../lib64/:/usr/lib/../lib64/:/usr/lib/gcc/x86_64-redhat-linux/6.4.1/../../../:/lib/:/usr/lib/
COLLECT_GCC_OPTIONS='-v' '-rdynamic' '-o' 'cmTC_6fb10' '-mtune=generic' '-march=x86-64'
 /usr/libexec/gcc/x86_64-redhat-linux/6.4.1/collect2 -plugin /usr/libexec/gcc/x86_64-redhat-linux/6.4.1/liblto_plugin.so -plugin-opt=/usr/libexec/gcc/x86_64-redhat-linux/6.4.1/lto-wrapper -plugin-opt=-fresolution=/tmp/cclmrTga.res -plugin-opt=-pass-through=-lgcc -plugin-opt=-pass-through=-lgcc_s -plugin-opt=-pass-through=-lc -plugin-opt=-pass-through=-lgcc -plugin-opt=-pass-through=-lgcc_s --build-id --no-add-needed --eh-frame-hdr --hash-style=gnu -m elf_x86_64 -export-dynamic -dynamic-linker /lib64/ld-linux-x86-64.so.2 -o cmTC_6fb10 /usr/lib/gcc/x86_64-redhat-linux/6.4.1/../../../../lib64/crt1.o /usr/lib/gcc/x86_64-redhat-linux/6.4.1/../../../../lib64/crti.o /usr/lib/gcc/x86_64-redhat-linux/6.4.1/crtbegin.o -L/usr/lib/gcc/x86_64-redhat-linux/6.4.1 -L/usr/lib/gcc/x86_64-redhat-linux/6.4.1/../../../../lib64 -L/lib/../lib64 -L/usr/lib/../lib64 -L/usr/lib/gcc/x86_64-redhat-linux/6.4.1/../../.. CMakeFiles/cmTC_6fb10.dir/CMakeCCompilerABI.c.o -lgcc --as-needed -lgcc_s --no-as-needed -lc -lgcc --as-needed -lgcc_s --no-as-needed /usr/lib/gcc/x86_64-redhat-linux/6.4.1/crtend.o /usr/lib/gcc/x86_64-redhat-linux/6.4.1/../../../../lib64/crtn.o
COLLECT_GCC_OPTIONS='-v' '-rdynamic' '-o' 'cmTC_6fb10' '-mtune=generic' '-march=x86-64'
gmake[1]: Leaving directory '/root/picture/comTutor/findStrFromMat/ckbuild_ft/CMakeFiles/CMakeTmp'


Parsed C implicit link information from above output:
  link line regex: [^( *|.*[/\])(ld|CMAKE_LINK_STARTFILE-NOTFOUND|([^/\]+-)?ld|collect2)[^/\]*( |$)]
  ignore line: [Change Dir: /root/picture/comTutor/findStrFromMat/ckbuild_ft/CMakeFiles/CMakeTmp]
  ignore line: []
  ignore line: [Run Build Command:"/usr/bin/gmake" "cmTC_6fb10/fast"]
  ignore line: [/usr/bin/gmake -f CMakeFiles/cmTC_6fb10.dir/build.make CMakeFiles/cmTC_6fb10.dir/build]
  ignore line: [gmake[1]: Entering directory '/root/picture/comTutor/findStrFromMat/ckbuild_ft/CMakeFiles/CMakeTmp']
  ignore line: [Building C object CMakeFiles/cmTC_6fb10.dir/CMakeCCompilerABI.c.o]
  ignore line: [/usr/lib64/ccache/cc    -o CMakeFiles/cmTC_6fb10.dir/CMakeCCompilerABI.c.o   -c /usr/share/cmake/Modules/CMakeCCompilerABI.c]
  ignore line: [Linking C executable cmTC_6fb10]
  ignore line: [/usr/bin/cmake -E cmake_link_script CMakeFiles/cmTC_6fb10.dir/link.txt --verbose=1]
  ignore line: [/usr/lib64/ccache/cc     -v -rdynamic CMakeFiles/cmTC_6fb10.dir/CMakeCCompilerABI.c.o  -o cmTC_6fb10 ]
  ignore line: [使用内建 specs。]
  ignore line: [COLLECT_GCC=/usr/bin/cc]
  ignore line: [COLLECT_LTO_WRAPPER=/usr/libexec/gcc/x86_64-redhat-linux/6.4.1/lto-wrapper]
  ignore line: [目标：x86_64-redhat-linux]
  ignore line: [配置为：../configure --enable-bootstrap --enable-languages=c,c++,objc,obj-c++,fortran,ada,go,lto --prefix=/usr --mandir=/usr/share/man --infodir=/usr/share/info --with-bugurl=http://bugzilla.redhat.com/bugzilla --enable-shared --enable-threads=posix --enable-checking=release --enable-multilib --with-system-zlib --enable-__cxa_atexit --disable-libunwind-exceptions --enable-gnu-unique-object --enable-linker-build-id --with-linker-hash-style=gnu --enable-plugin --enable-initfini-array --disable-libgcj --with-isl --enable-libmpx --enable-gnu-indirect-function --with-tune=generic --with-arch_32=i686 --build=x86_64-redhat-linux]
  ignore line: [线程模型：posix]
  ignore line: [gcc 版本 6.4.1 20170727 (Red Hat 6.4.1-1) (GCC) ]
  ignore line: [COMPILER_PATH=/usr/libexec/gcc/x86_64-redhat-linux/6.4.1/:/usr/libexec/gcc/x86_64-redhat-linux/6.4.1/:/usr/libexec/gcc/x86_64-redhat-linux/:/usr/lib/gcc/x86_64-redhat-linux/6.4.1/:/usr/lib/gcc/x86_64-redhat-linux/]
  ignore line: [LIBRARY_PATH=/usr/lib/gcc/x86_64-redhat-linux/6.4.1/:/usr/lib/gcc/x86_64-redhat-linux/6.4.1/../../../../lib64/:/lib/../lib64/:/usr/lib/../lib64/:/usr/lib/gcc/x86_64-redhat-linux/6.4.1/../../../:/lib/:/usr/lib/]
  ignore line: [COLLECT_GCC_OPTIONS='-v' '-rdynamic' '-o' 'cmTC_6fb10' '-mtune=generic' '-march=x86-64']
  link line: [ /usr/libexec/gcc/x86_64-redhat-linux/6.4.1/collect2 -plugin /usr/libexec/gcc/x86_64-redhat-linux/6.4.1/liblto_plugin.so -plugin-opt=/usr/libexec/gcc/x86_64-redhat-linux/6.4.1/lto-wrapper -plugin-opt=-fresolution=/tmp/cclmrTga.res -plugin-opt=-pass-through=-lgcc -plugin-opt=-pass-through=-lgcc_s -plugin-opt=-pass-through=-lc -plugin-opt=-pass-through=-lgcc -plugin-opt=-pass-through=-lgcc_s --build-id --no-add-needed --eh-frame-hdr --hash-style=gnu -m elf_x86_64 -export-dynamic -dynamic-linker /lib64/ld-linux-x86-64.so.2 -o cmTC_6fb10 /usr/lib/gcc/x86_64-redhat-linux/6.4.1/../../../../lib64/crt1.o /usr/lib/gcc/x86_64-redhat-linux/6.4.1/../../../../lib64/crti.o /usr/lib/gcc/x86_64-redhat-linux/6.4.1/crtbegin.o -L/usr/lib/gcc/x86_64-redhat-linux/6.4.1 -L/usr/lib/gcc/x86_64-redhat-linux/6.4.1/../../../../lib64 -L/lib/../lib64 -L/usr/lib/../lib64 -L/usr/lib/gcc/x86_64-redhat-linux/6.4.1/../../.. CMakeFiles/cmTC_6fb10.dir/CMakeCCompilerABI.c.o -lgcc --as-needed -lgcc_s --no-as-needed -lc -lgcc --as-needed -lgcc_s --no-as-needed /usr/lib/gcc/x86_64-redhat-linux/6.4.1/crtend.o /usr/lib/gcc/x86_64-redhat-linux/6.4.1/../../../../lib64/crtn.o]
    arg [/usr/libexec/gcc/x86_64-redhat-linux/6.4.1/collect2] ==> ignore
    arg [-plugin] ==> ignore
    arg [/usr/libexec/gcc/x86_64-redhat-linux/6.4.1/liblto_plugin.so] ==> ignore
    arg [-plugin-opt=/usr/libexec/gcc/x86_64-redhat-linux/6.4.1/lto-wrapper] ==> ignore
    arg [-plugin-opt=-fresolution=/tmp/cclmrTga.res] ==> ignore
    arg [-plugin-opt=-pass-through=-lgcc] ==> ignore
    arg [-plugin-opt=-pass-through=-lgcc_s] ==> ignore
    arg [-plugin-opt=-pass-through=-lc] ==> ignore
    arg [-plugin-opt=-pass-through=-lgcc] ==> ignore
    arg [-plugin-opt=-pass-through=-lgcc_s] ==> ignore
    arg [--build-id] ==> ignore
    arg [--no-add-needed] ==> ignore
    arg [--eh-frame-hdr] ==> ignore
    arg [--hash-style=gnu] ==> ignore
    arg [-m] ==> ignore
    arg [elf_x86_64] ==> ignore
    arg [-export-dynamic] ==> ignore
    arg [-dynamic-linker] ==> ignore
    arg [/lib64/ld-linux-x86-64.so.2] ==> ignore
    arg [-o] ==> ignore
    arg [cmTC_6fb10] ==> ignore
    arg [/usr/lib/gcc/x86_64-redhat-linux/6.4.1/../../../../lib64/crt1.o] ==> ignore
    arg [/usr/lib/gcc/x86_64-redhat-linux/6.4.1/../../../../lib64/crti.o] ==> ignore
    arg [/usr/lib/gcc/x86_64-redhat-linux/6.4.1/crtbegin.o] ==> ignore
    arg [-L/usr/lib/gcc/x86_64-redhat-linux/6.4.1] ==> dir [/usr/lib/gcc/x86_64-redhat-linux/6.4.1]
    arg [-L/usr/lib/gcc/x86_64-redhat-linux/6.4.1/../../../../lib64] ==> dir [/usr/lib/gcc/x86_64-redhat-linux/6.4.1/../../../../lib64]
    arg [-L/lib/../lib64] ==> dir [/lib/../lib64]
    arg [-L/usr/lib/../lib64] ==> dir [/usr/lib/../lib64]
    arg [-L/usr/lib/gcc/x86_64-redhat-linux/6.4.1/../../..] ==> dir [/usr/lib/gcc/x86_64-redhat-linux/6.4.1/../../..]
    arg [CMakeFiles/cmTC_6fb10.dir/CMakeCCompilerABI.c.o] ==> ignore
    arg [-lgcc] ==> lib [gcc]
    arg [--as-needed] ==> ignore
    arg [-lgcc_s] ==> lib [gcc_s]
    arg [--no-as-needed] ==> ignore
    arg [-lc] ==> lib [c]
    arg [-lgcc] ==> lib [gcc]
    arg [--as-needed] ==> ignore
    arg [-lgcc_s] ==> lib [gcc_s]
    arg [--no-as-needed] ==> ignore
    arg [/usr/lib/gcc/x86_64-redhat-linux/6.4.1/crtend.o] ==> ignore
    arg [/usr/lib/gcc/x86_64-redhat-linux/6.4.1/../../../../lib64/crtn.o] ==> ignore
  collapse library dir [/usr/lib/gcc/x86_64-redhat-linux/6.4.1] ==> [/usr/lib/gcc/x86_64-redhat-linux/6.4.1]
  collapse library dir [/usr/lib/gcc/x86_64-redhat-linux/6.4.1/../../../../lib64] ==> [/usr/lib64]
  collapse library dir [/lib/../lib64] ==> [/lib64]
  collapse library dir [/usr/lib/../lib64] ==> [/usr/lib64]
  collapse library dir [/usr/lib/gcc/x86_64-redhat-linux/6.4.1/../../..] ==> [/usr/lib]
  implicit libs: [gcc;gcc_s;c;gcc;gcc_s]
  implicit dirs: [/usr/lib/gcc/x86_64-redhat-linux/6.4.1;/usr/lib64;/lib64;/usr/lib]
  implicit fwks: []




Detecting C [-std=c11] compiler features compiled with the following output:
Change Dir: /root/picture/comTutor/findStrFromMat/ckbuild_ft/CMakeFiles/CMakeTmp

Run Build Command:"/usr/bin/gmake" "cmTC_f93a0/fast"
/usr/bin/gmake -f CMakeFiles/cmTC_f93a0.dir/build.make CMakeFiles/cmTC_f93a0.dir/build
gmake[1]: Entering directory '/root/picture/comTutor/findStrFromMat/ckbuild_ft/CMakeFiles/CMakeTmp'
Building C object CMakeFiles/cmTC_f93a0.dir/feature_tests.c.o
/usr/lib64/ccache/cc   -std=c11 -o CMakeFiles/cmTC_f93a0.dir/feature_tests.c.o   -c /root/picture/comTutor/findStrFromMat/ckbuild_ft/CMakeFiles/feature_tests.c
Linking C executable cmTC_f93a0
/usr/bin/cmake -E cmake_link_script CMakeFiles/cmTC_f93a0.dir/link.txt --verbose=1
/usr/lib64/ccache/cc      -rdynamic CMakeFiles/cmTC_f93a0.dir/feature_tests.c.o  -o cmTC_f93a0 
gmake[1]: Leaving directory '/root/picture/comTutor/findStrFromMat/ckbuild_ft/CMakeFiles/CMakeTmp'


    Feature record: C_FEATURE:1c_function_prototypes
    Feature record: C_FEATURE:1c_restrict
    Feature record: C_FEATURE:1c_static_assert
    Feature record: C_FEATURE:1c_variadic_macros


Detecting C [-std=c99] compiler features compiled with the following output:
Change Dir: /root/picture/comTutor/findStrFromMat/ckbuild_ft/CMakeFiles/CMakeTmp

Run Build Command:"/usr/bin/gmake" "cmTC_875b7/fast"
/usr/bin/gmake -f CMakeFiles/cmTC_875b7.dir/build.make CMakeFiles/cmTC_875b7.dir/build
gmake[1]: Entering directory '/root/picture/comTutor/findStrFromMat/ckbuild_ft/CMakeFiles/CMakeTmp'
Building C object CMakeFiles/cmTC_875b7.dir/feature_tests.c.o
/usr/lib64/ccache/cc   -std=c99 -o CMakeFiles/cmTC_875b7.dir/feature_tests.c.o   -c /root/picture/comTutor/findStrFromMat/ckbuild_ft/CMakeFiles/feature_tests.c
Linking C executable cmTC_875b7
/usr/bin/cmake -E cmake_link_script CMakeFiles/cmTC_875b7.dir/link.txt --verbose=1
/usr/lib64/ccache/cc      -rdynamic CMakeFiles/cmTC_875b7.dir/feature_tests.c.o  -o cmTC_875b7 
gmake[1]: Leaving directory '/root/picture/comTutor/findStrFromMat/ckbuild_ft/CMakeFiles/CMakeTmp'


    Feature record: C_FEATURE:1c_function_prototypes
    Feature record: C_FEATURE:1c_restrict
    Feature record: C_FEATURE:0c_static_assert
    Feature record: C_FEATURE:1c_variadic_macros


Detecting C [-std=c90] compiler features compiled with the following output:
Change Dir: /root/picture/comTutor/findStrFromMat/ckbuild_ft/CMakeFiles/CMakeTmp

Run Build Command:"/usr/bin/gmake" "cmTC_9ffa4/fast"
/usr/bin/gmake -f CMakeFiles/cmTC_9ffa4.dir/build.make CMakeFiles/cmTC_9ffa4.dir/build
gmake[1]: Entering directory '/root/picture/comTutor/findStrFromMat/ckbuild_ft/CMakeFiles/CMakeTmp'
Building C object CMakeFiles/cmTC_9ffa4.dir/feature_tests.c.o
/usr/lib64/ccache/cc   -std=c90 -o CMakeFiles/cmTC_9ffa4.dir/feature_tests.c.o   -c /root/picture/comTutor/findStrFromMat/ckbuild_ft/CMakeFiles/feature_tests.c
Linking C executable cmTC_9ffa4
/usr/bin/cmake -E cmake_link_script CMakeFiles/cmTC_9ffa4.dir/link.txt --verbose=1
/usr/lib64/ccache/cc      -rdynamic CMakeFiles/cmTC_9ffa4.dir/feature_tests.c.o  -o cmTC_9ffa4 
gmake[1]: Leaving directory '/root/picture/comTutor/findStrFromMat/ckbuild_ft/CMakeFiles/CMakeTmp'


    Feature record: C_FEATURE:1c_function_prototypes
    Feature record: C_FEATURE:0c_restrict
    Feature record: C_FEATURE:0c_static_assert
    Feature record: C_FEATURE:0c_variadic_macros
Determining if the CXX compiler works passed with the following output:
Change Dir: /root/picture/comTutor/findStrFromMat/ckbuild_ft/CMakeFiles/CMakeTmp

Run Build Command:"/usr/bin/gmake" "cmTC_9ccc8/fast"
/usr/bin/gmake -f CMakeFiles/cmTC_9ccc8.dir/build.make CMakeFiles/cmTC_9ccc8.dir/build
gmake[1]: Entering directory '/root/picture/comTutor/findStrFromMat/ckbuild_ft/CMakeFiles/CMakeTmp'
Building CXX object CMakeFiles/cmTC_9ccc8.dir/testCXXCompiler.cxx.o
/usr/lib64/ccache/c++     -o CMakeFiles/cmTC_9ccc8.dir/testCXXCompiler.cxx.o -c /root/picture/comTutor/findStrFromMat/ckbuild_ft/CMakeFiles/CMakeTmp/testCXXCompiler.cxx
Linking CXX executable cmTC_9ccc8
/usr/bin/cmake -E cmake_link_script CMakeFiles/cmTC_9ccc8.dir/link.txt --verbose=1
/usr/lib64/ccache/c++       -rdynamic CMakeFiles/cmTC_9ccc8.dir/testCXXCompiler.cxx.o  -o cmTC_9ccc8 
gmake[1]: Leaving directory '/root/picture/comTutor/findStrFromMat/ckbuild_ft/CMakeFiles/CMakeTmp'


Detecting CXX compiler ABI info compiled with the following output:
Change Dir: /root/picture/comTutor/findStrFromMat/ckbuild_ft/CMakeFiles/CMakeTmp

Run Build Command:"/usr/bin/gmake" "cmTC_c359a/fast"
/usr/bin/gmake -f CMakeFiles/cmTC_c359a.dir/build.make CMakeFiles/cmTC_c359a.dir/build
gmake[1]: Entering directory '/root/picture/comTutor/findStrFromMat/ckbuild_ft/CMakeFiles/CMakeTmp'
Building CXX object CMakeFiles/cmTC_c359a.dir/CMakeCXXCompilerABI.cpp.o
/usr/lib64/ccache/c++     -o CMakeFiles/cmTC_c359a.dir/CMakeCXXCompilerABI.cpp.o -c /usr/share/cmake/Modules/CMakeCXXCompilerABI.cpp
Linking CXX executable cmTC_c359a
/usr/bin/cmake -E cmake_link_script CMakeFiles/cmTC_c359a.dir/link.txt --verbose=1
/usr/lib64/ccache/c++      -v -rdynamic CMakeFiles/cmTC_c359a.dir/CMakeCXXCompilerABI.cpp.o  -o cmTC_c359a 
使用内建 specs。
COLLECT_GCC=/usr/bin/c++
COLLECT_LTO_WRAPPER=/usr/libexec/gcc/x86_64-redhat-linux/6.4.1/lto-wrapper
目标：x86_64-redhat-linux
配置为：../configure --enable-bootstrap --enable-languages=c,c++,objc,obj-c++,fortran,ada,go,lto --prefix=/usr --mandir=/usr/share/man --infodir=/usr/share/info --with-bugurl=http://bugzilla.redhat.com/bugzilla --enable-shared --enable-threads=posix --enable-checking=release --enable-multilib --with-system-zlib --enable-__cxa_atexit --disable-libunwind-exceptions --enable-gnu-unique-object --enable-linker-build-id --with-linker-hash-style=gnu --enable-plugin --enable-initfini-array --disable-libgcj --with-isl --enable-libmpx --enable-gnu-indirect-function --with-tune=generic --with-arch_32=i686 --build=x86_64-redhat-linux
线程模型：posix
gcc 版本 6.4.1 20170727 (Red Hat 6.4.1-1) (GCC) 
COMPILER_PATH=/usr/libexec/gcc/x86_64-redhat-linux/6.4.1/:/usr/libexec/gcc/x86_64-redhat-linux/6.4.1/:/usr/libexec/gcc/x86_64-redhat-linux/:/usr/lib/gcc/x86_64-redhat-linux/6.4.1/:/usr/lib/gcc/x86_64-redhat-linux/
LIBRARY_PATH=/usr/lib/gcc/x86_64-redhat-linux/6.4.1/:/usr/lib/gcc/x86_64-redhat-linux/6.4.1/../../../../lib64/:/lib/../lib64/:/usr/lib/../lib64/:/usr/lib/gcc/x86_64-redhat-linux/6.4.1/../../../:/lib/:/usr/lib/
COLLECT_GCC_OPTIONS='-v' '-rdynamic' '-o' 'cmTC_c359a' '-shared-libgcc' '-mtune=generic' '-march=x86-64'
 /usr/libexec/gcc/x86_64-redhat-linux/6.4.1/collect2 -plugin /usr/libexec/gcc/x86_64-redhat-linux/6.4.1/liblto_plugin.so -plugin-opt=/usr/libexec/gcc/x86_64-redhat-linux/6.4.1/lto-wrapper -plugin-opt=-fresolution=/tmp/ccgUJxMH.res -plugin-opt=-pass-through=-lgcc_s -plugin-opt=-pass-through=-lgcc -plugin-opt=-pass-through=-lc -plugin-opt=-pass-through=-lgcc_s -plugin-opt=-pass-through=-lgcc --build-id --no-add-needed --eh-frame-hdr --hash-style=gnu -m elf_x86_64 -export-dynamic -dynamic-linker /lib64/ld-linux-x86-64.so.2 -o cmTC_c359a /usr/lib/gcc/x86_64-redhat-linux/6.4.1/../../../../lib64/crt1.o /usr/lib/gcc/x86_64-redhat-linux/6.4.1/../../../../lib64/crti.o /usr/lib/gcc/x86_64-redhat-linux/6.4.1/crtbegin.o -L/usr/lib/gcc/x86_64-redhat-linux/6.4.1 -L/usr/lib/gcc/x86_64-redhat-linux/6.4.1/../../../../lib64 -L/lib/../lib64 -L/usr/lib/../lib64 -L/usr/lib/gcc/x86_64-redhat-linux/6.4.1/../../.. CMakeFiles/cmTC_c359a.dir/CMakeCXXCompilerABI.cpp.o -lstdc++ -lm -lgcc_s -lgcc -lc -lgcc_s -lgcc /usr/lib/gcc/x86_64-redhat-linux/6.4.1/crtend.o /usr/lib/gcc/x86_64-redhat-linux/6.4.1/../../../../lib64/crtn.o
COLLECT_GCC_OPTIONS='-v' '-rdynamic' '-o' 'cmTC_c359a' '-shared-libgcc' '-mtune=generic' '-march=x86-64'
gmake[1]: Leaving directory '/root/picture/comTutor/findStrFromMat/ckbuild_ft/CMakeFiles/CMakeTmp'


Parsed CXX implicit link information from above output:
  link line regex: [^( *|.*[/\])(ld|CMAKE_LINK_STARTFILE-NOTFOUND|([^/\]+-)?ld|collect2)[^/\]*( |$)]
  ignore line: [Change Dir: /root/picture/comTutor/findStrFromMat/ckbuild_ft/CMakeFiles/CMakeTmp]
  ignore line: []
  ignore line: [Run Build Command:"/usr/bin/gmake" "cmTC_c359a/fast"]
  ignore line: [/usr/bin/gmake -f CMakeFiles/cmTC_c359a.dir/build.make CMakeFiles/cmTC_c359a.dir/build]
  ignore line: [gmake[1]: Entering directory '/root/picture/comTutor/findStrFromMat/ckbuild_ft/CMakeFiles/CMakeTmp']
  ignore line: [Building CXX object CMakeFiles/cmTC_c359a.dir/CMakeCXXCompilerABI.cpp.o]
  ignore line: [/usr/lib64/ccache/c++     -o CMakeFiles/cmTC_c359a.dir/CMakeCXXCompilerABI.cpp.o -c /usr/share/cmake/Modules/CMakeCXXCompilerABI.cpp]
  ignore line: [Linking CXX executable cmTC_c359a]
  ignore line: [/usr/bin/cmake -E cmake_link_script CMakeFiles/cmTC_c359a.dir/link.txt --verbose=1]
  ignore line: [/usr/lib64/ccache/c++      -v -rdynamic CMakeFiles/cmTC_c359a.dir/CMakeCXXCompilerABI.cpp.o  -o cmTC_c359a ]
  ignore line: [使用内建 specs。]
  ignore line: [COLLECT_GCC=/usr/bin/c++]
  ignore line: [COLLECT_LTO_WRAPPER=/usr/libexec/gcc/x86_64-redhat-linux/6.4.1/lto-wrapper]
  ignore line: [目标：x86_64-redhat-linux]
  ignore line: [配置为：../configure --enable-bootstrap --enable-languages=c,c++,objc,obj-c++,fortran,ada,go,lto --prefix=/usr --mandir=/usr/share/man --infodir=/usr/share/info --with-bugurl=http://bugzilla.redhat.com/bugzilla --enable-shared --enable-threads=posix --enable-checking=release --enable-multilib --with-system-zlib --enable-__cxa_atexit --disable-libunwind-exceptions --enable-gnu-unique-object --enable-linker-build-id --with-linker-hash-style=gnu --enable-plugin --enable-initfini-array --disable-libgcj --with-isl --enable-libmpx --enable-gnu-indirect-function --with-tune=generic --with-arch_32=i686 --build=x86_64-redhat-linux]
  ignore line: [线程模型：posix]
  ignore line: [gcc 版本 6.4.1 20170727 (Red Hat 6.4.1-1) (GCC) ]
  ignore line: [COMPILER_PATH=/usr/libexec/gcc/x86_64-redhat-linux/6.4.1/:/usr/libexec/gcc/x86_64-redhat-linux/6.4.1/:/usr/libexec/gcc/x86_64-redhat-linux/:/usr/lib/gcc/x86_64-redhat-linux/6.4.1/:/usr/lib/gcc/x86_64-redhat-linux/]
  ignore line: [LIBRARY_PATH=/usr/lib/gcc/x86_64-redhat-linux/6.4.1/:/usr/lib/gcc/x86_64-redhat-linux/6.4.1/../../../../lib64/:/lib/../lib64/:/usr/lib/../lib64/:/usr/lib/gcc/x86_64-redhat-linux/6.4.1/../../../:/lib/:/usr/lib/]
  ignore line: [COLLECT_GCC_OPTIONS='-v' '-rdynamic' '-o' 'cmTC_c359a' '-shared-libgcc' '-mtune=generic' '-march=x86-64']
  link line: [ /usr/libexec/gcc/x86_64-redhat-linux/6.4.1/collect2 -plugin /usr/libexec/gcc/x86_64-redhat-linux/6.4.1/liblto_plugin.so -plugin-opt=/usr/libexec/gcc/x86_64-redhat-linux/6.4.1/lto-wrapper -plugin-opt=-fresolution=/tmp/ccgUJxMH.res -plugin-opt=-pass-through=-lgcc_s -plugin-opt=-pass-through=-lgcc -plugin-opt=-pass-through=-lc -plugin-opt=-pass-through=-lgcc_s -plugin-opt=-pass-through=-lgcc --build-id --no-add-needed --eh-frame-hdr --hash-style=gnu -m elf_x86_64 -export-dynamic -dynamic-linker /lib64/ld-linux-x86-64.so.2 -o cmTC_c359a /usr/lib/gcc/x86_64-redhat-linux/6.4.1/../../../../lib64/crt1.o /usr/lib/gcc/x86_64-redhat-linux/6.4.1/../../../../lib64/crti.o /usr/lib/gcc/x86_64-redhat-linux/6.4.1/crtbegin.o -L/usr/lib/gcc/x86_64-redhat-linux/6.4.1 -L/usr/lib/gcc/x86_64-redhat-linux/6.4.1/../../../../lib64 -L/lib/../lib64 -L/usr/lib/../lib64 -L/usr/lib/gcc/x86_64-redhat-linux/6.4.1/../../.. CMakeFiles/cmTC_c359a.dir/CMakeCXXCompilerABI.cpp.o -lstdc++ -lm -lgcc_s -lgcc -lc -lgcc_s -lgcc /usr/lib/gcc/x86_64-redhat-linux/6.4.1/crtend.o /usr/lib/gcc/x86_64-redhat-linux/6.4.1/../../../../lib64/crtn.o]
    arg [/usr/libexec/gcc/x86_64-redhat-linux/6.4.1/collect2] ==> ignore
    arg [-plugin] ==> ignore
    arg [/usr/libexec/gcc/x86_64-redhat-linux/6.4.1/liblto_plugin.so] ==> ignore
    arg [-plugin-opt=/usr/libexec/gcc/x86_64-redhat-linux/6.4.1/lto-wrapper] ==> ignore
    arg [-plugin-opt=-fresolution=/tmp/ccgUJxMH.res] ==> ignore
    arg [-plugin-opt=-pass-through=-lgcc_s] ==> ignore
    arg [-plugin-opt=-pass-through=-lgcc] ==> ignore
    arg [-plugin-opt=-pass-through=-lc] ==> ignore
    arg [-plugin-opt=-pass-through=-lgcc_s] ==> ignore
    arg [-plugin-opt=-pass-through=-lgcc] ==> ignore
    arg [--build-id] ==> ignore
    arg [--no-add-needed] ==> ignore
    arg [--eh-frame-hdr] ==> ignore
    arg [--hash-style=gnu] ==> ignore
    arg [-m] ==> ignore
    arg [elf_x86_64] ==> ignore
    arg [-export-dynamic] ==> ignore
    arg [-dynamic-linker] ==> ignore
    arg [/lib64/ld-linux-x86-64.so.2] ==> ignore
    arg [-o] ==> ignore
    arg [cmTC_c359a] ==> ignore
    arg [/usr/lib/gcc/x86_64-redhat-linux/6.4.1/../../../../lib64/crt1.o] ==> ignore
    arg [/usr/lib/gcc/x86_64-redhat-linux/6.4.1/../../../../lib64/crti.o] ==> ignore
    arg [/usr/lib/gcc/x86_64-redhat-linux/6.4.1/crtbegin.o] ==> ignore
    arg [-L/usr/lib/gcc/x86_64-redhat-linux/6.4.1] ==> dir [/usr/lib/gcc/x86_64-redhat-linux/6.4.1]
    arg [-L/usr/lib/gcc/x86_64-redhat-linux/6.4.1/../../../../lib64] ==> dir [/usr/lib/gcc/x86_64-redhat-linux/6.4.1/../../../../lib64]
    arg [-L/lib/../lib64] ==> dir [/lib/../lib64]
    arg [-L/usr/lib/../lib64] ==> dir [/usr/lib/../lib64]
    arg [-L/usr/lib/gcc/x86_64-redhat-linux/6.4.1/../../..] ==> dir [/usr/lib/gcc/x86_64-redhat-linux/6.4.1/../../..]
    arg [CMakeFiles/cmTC_c359a.dir/CMakeCXXCompilerABI.cpp.o] ==> ignore
    arg [-lstdc++] ==> lib [stdc++]
    arg [-lm] ==> lib [m]
    arg [-lgcc_s] ==> lib [gcc_s]
    arg [-lgcc] ==> lib [gcc]
    arg [-lc] ==> lib [c]
    arg [-lgcc_s] ==> lib [gcc_s]
    arg [-lgcc] ==> lib [gcc]
    arg [/usr/lib/gcc/x86_64-redhat-linux/6.4.1/crtend.o] ==> ignore
    arg [/usr/lib/gcc/x86_64-redhat-linux/6.4.1/../../../../lib64/crtn.o] ==> ignore
  collapse library dir [/usr/lib/gcc/x86_64-redhat-linux/6.4.1] ==> [/usr/lib/gcc/x86_64-redhat-linux/6.4.1]
  collapse library dir [/usr/lib/gcc/x86_64-redhat-linux/6.4.1/../../../../lib64] ==> [/usr/lib64]
  collapse library dir [/lib/../lib64] ==> [/lib64]
  collapse library dir [/usr/lib/../lib64] ==> [/usr/lib64]
  collapse library dir [/usr/lib/gcc/x86_64-redhat-linux/6.4.1/../../..] ==> [/usr/lib]
  implicit libs: [stdc++;m;gcc_s;gcc;c;gcc_s;gcc]
  implicit dirs: [/usr/lib/gcc/x86_64-redhat-linux/6.4.1;/usr/lib64;/lib64;/usr/lib]
  implicit fwks: []




Detecting CXX [-std=c++1z] compiler features compiled with the following output:
Change Dir: /root/picture/comTutor/findStrFromMat/ckbuild_ft/CMakeFiles/CMakeTmp

Run Build Command:"/usr/bin/gmake" "cmTC_6acdc/fast"
/usr/bin/gmake -f CMakeFiles/cmTC_6acdc.dir/build.make CMakeFiles/cmTC_6acdc.dir/build
gmake[1]: Entering directory '/root/picture/comTutor/findStrFromMat/ckbuild_ft/CMakeFiles/CMakeTmp'
Building CXX object CMakeFiles/cmTC_6acdc.dir/feature_tests.cxx.o
/usr/lib64/ccache/c++    -std=c++1z -o CMakeFiles/cmTC_6acdc.dir/feature_tests.cxx.o -c /root/picture/comTutor/findStrFromMat/ckbuild_ft/CMakeFiles/feature_tests.cxx
Linking CXX executable cmTC_6acdc
/usr/bin/cmake -E cmake_link_script CMakeFiles/cmTC_6acdc.dir/link.txt --verbose=1
/usr/lib64/ccache/c++       -rdynamic CMakeFiles/cmTC_6acdc.dir/feature_tests.cxx.o  -o cmTC_6acdc 
gmake[1]: Leaving directory '/root/picture/comTutor/findStrFromMat/ckbuild_ft/CMakeFiles/CMakeTmp'


    Feature record: CXX_FEATURE:1cxx_aggregate_default_initializers
    Feature record: CXX_FEATURE:1cxx_alias_templates
    Feature record: CXX_FEATURE:1cxx_alignas
    Feature record: CXX_FEATURE:1cxx_alignof
    Feature record: CXX_FEATURE:1cxx_attributes
    Feature record: CXX_FEATURE:1cxx_attribute_deprecated
    Feature record: CXX_FEATURE:1cxx_auto_type
    Feature record: CXX_FEATURE:1cxx_binary_literals
    Feature record: CXX_FEATURE:1cxx_constexpr
    Feature record: CXX_FEATURE:1cxx_contextual_conversions
    Feature record: CXX_FEATURE:1cxx_decltype
    Feature record: CXX_FEATURE:1cxx_decltype_auto
    Feature record: CXX_FEATURE:1cxx_decltype_incomplete_return_types
    Feature record: CXX_FEATURE:1cxx_default_function_template_args
    Feature record: CXX_FEATURE:1cxx_defaulted_functions
    Feature record: CXX_FEATURE:1cxx_defaulted_move_initializers
    Feature record: CXX_FEATURE:1cxx_delegating_constructors
    Feature record: CXX_FEATURE:1cxx_deleted_functions
    Feature record: CXX_FEATURE:1cxx_digit_separators
    Feature record: CXX_FEATURE:1cxx_enum_forward_declarations
    Feature record: CXX_FEATURE:1cxx_explicit_conversions
    Feature record: CXX_FEATURE:1cxx_extended_friend_declarations
    Feature record: CXX_FEATURE:1cxx_extern_templates
    Feature record: CXX_FEATURE:1cxx_final
    Feature record: CXX_FEATURE:1cxx_func_identifier
    Feature record: CXX_FEATURE:1cxx_generalized_initializers
    Feature record: CXX_FEATURE:1cxx_generic_lambdas
    Feature record: CXX_FEATURE:1cxx_inheriting_constructors
    Feature record: CXX_FEATURE:1cxx_inline_namespaces
    Feature record: CXX_FEATURE:1cxx_lambdas
    Feature record: CXX_FEATURE:1cxx_lambda_init_captures
    Feature record: CXX_FEATURE:1cxx_local_type_template_args
    Feature record: CXX_FEATURE:1cxx_long_long_type
    Feature record: CXX_FEATURE:1cxx_noexcept
    Feature record: CXX_FEATURE:1cxx_nonstatic_member_init
    Feature record: CXX_FEATURE:1cxx_nullptr
    Feature record: CXX_FEATURE:1cxx_override
    Feature record: CXX_FEATURE:1cxx_range_for
    Feature record: CXX_FEATURE:1cxx_raw_string_literals
    Feature record: CXX_FEATURE:1cxx_reference_qualified_functions
    Feature record: CXX_FEATURE:1cxx_relaxed_constexpr
    Feature record: CXX_FEATURE:1cxx_return_type_deduction
    Feature record: CXX_FEATURE:1cxx_right_angle_brackets
    Feature record: CXX_FEATURE:1cxx_rvalue_references
    Feature record: CXX_FEATURE:1cxx_sizeof_member
    Feature record: CXX_FEATURE:1cxx_static_assert
    Feature record: CXX_FEATURE:1cxx_strong_enums
    Feature record: CXX_FEATURE:1cxx_template_template_parameters
    Feature record: CXX_FEATURE:1cxx_thread_local
    Feature record: CXX_FEATURE:1cxx_trailing_return_types
    Feature record: CXX_FEATURE:1cxx_unicode_literals
    Feature record: CXX_FEATURE:1cxx_uniform_initialization
    Feature record: CXX_FEATURE:1cxx_unrestricted_unions
    Feature record: CXX_FEATURE:1cxx_user_literals
    Feature record: CXX_FEATURE:1cxx_variable_templates
    Feature record: CXX_FEATURE:1cxx_variadic_macros
    Feature record: CXX_FEATURE:1cxx_variadic_templates


Detecting CXX [-std=c++14] compiler features compiled with the following output:
Change Dir: /root/picture/comTutor/findStrFromMat/ckbuild_ft/CMakeFiles/CMakeTmp

Run Build Command:"/usr/bin/gmake" "cmTC_08f63/fast"
/usr/bin/gmake -f CMakeFiles/cmTC_08f63.dir/build.make CMakeFiles/cmTC_08f63.dir/build
gmake[1]: Entering directory '/root/picture/comTutor/findStrFromMat/ckbuild_ft/CMakeFiles/CMakeTmp'
Building CXX object CMakeFiles/cmTC_08f63.dir/feature_tests.cxx.o
/usr/lib64/ccache/c++    -std=c++14 -o CMakeFiles/cmTC_08f63.dir/feature_tests.cxx.o -c /root/picture/comTutor/findStrFromMat/ckbuild_ft/CMakeFiles/feature_tests.cxx
Linking CXX executable cmTC_08f63
/usr/bin/cmake -E cmake_link_script CMakeFiles/cmTC_08f63.dir/link.txt --verbose=1
/usr/lib64/ccache/c++       -rdynamic CMakeFiles/cmTC_08f63.dir/feature_tests.cxx.o  -o cmTC_08f63 
gmake[1]: Leaving directory '/root/picture/comTutor/findStrFromMat/ckbuild_ft/CMakeFiles/CMakeTmp'


    Feature record: CXX_FEATURE:1cxx_aggregate_default_initializers
    Feature record: CXX_FEATURE:1cxx_alias_templates
    Feature record: CXX_FEATURE:1cxx_alignas
    Feature record: CXX_FEATURE:1cxx_alignof
    Feature record: CXX_FEATURE:1cxx_attributes
    Feature record: CXX_FEATURE:1cxx_attribute_deprecated
    Feature record: CXX_FEATURE:1cxx_auto_type
    Feature record: CXX_FEATURE:1cxx_binary_literals
    Feature record: CXX_FEATURE:1cxx_constexpr
    Feature record: CXX_FEATURE:1cxx_contextual_conversions
    Feature record: CXX_FEATURE:1cxx_decltype
    Feature record: CXX_FEATURE:1cxx_decltype_auto
    Feature record: CXX_FEATURE:1cxx_decltype_incomplete_return_types
    Feature record: CXX_FEATURE:1cxx_default_function_template_args
    Feature record: CXX_FEATURE:1cxx_defaulted_functions
    Feature record: CXX_FEATURE:1cxx_defaulted_move_initializers
    Feature record: CXX_FEATURE:1cxx_delegating_constructors
    Feature record: CXX_FEATURE:1cxx_deleted_functions
    Feature record: CXX_FEATURE:1cxx_digit_separators
    Feature record: CXX_FEATURE:1cxx_enum_forward_declarations
    Feature record: CXX_FEATURE:1cxx_explicit_conversions
    Feature record: CXX_FEATURE:1cxx_extended_friend_declarations
    Feature record: CXX_FEATURE:1cxx_extern_templates
    Feature record: CXX_FEATURE:1cxx_final
    Feature record: CXX_FEATURE:1cxx_func_identifier
    Feature record: CXX_FEATURE:1cxx_generalized_initializers
    Feature record: CXX_FEATURE:1cxx_generic_lambdas
    Feature record: CXX_FEATURE:1cxx_inheriting_constructors
    Feature record: CXX_FEATURE:1cxx_inline_namespaces
    Feature record: CXX_FEATURE:1cxx_lambdas
    Feature record: CXX_FEATURE:1cxx_lambda_init_captures
    Feature record: CXX_FEATURE:1cxx_local_type_template_args
    Feature record: CXX_FEATURE:1cxx_long_long_type
    Feature record: CXX_FEATURE:1cxx_noexcept
    Feature record: CXX_FEATURE:1cxx_nonstatic_member_init
    Feature record: CXX_FEATURE:1cxx_nullptr
    Feature record: CXX_FEATURE:1cxx_override
    Feature record: CXX_FEATURE:1cxx_range_for
    Feature record: CXX_FEATURE:1cxx_raw_string_literals
    Feature record: CXX_FEATURE:1cxx_reference_qualified_functions
    Feature record: CXX_FEATURE:1cxx_relaxed_constexpr
    Feature record: CXX_FEATURE:1cxx_return_type_deduction
    Feature record: CXX_FEATURE:1cxx_right_angle_brackets
    Feature record: CXX_FEATURE:1cxx_rvalue_references
    Feature record: CXX_FEATURE:1cxx_sizeof_member
    Feature record: CXX_FEATURE:1cxx_static_assert
    Feature record: CXX_FEATURE:1cxx_strong_enums
    Feature record: CXX_FEATURE:1cxx_template_template_parameters
    Feature record: CXX_FEATURE:1cxx_thread_local
    Feature record: CXX_FEATURE:1cxx_trailing_return_types
    Feature record: CXX_FEATURE:1cxx_unicode_literals
    Feature record: CXX_FEATURE:1cxx_uniform_initialization
    Feature record: CXX_FEATURE:1cxx_unrestricted_unions
    Feature record: CXX_FEATURE:1cxx_user_literals
    Feature record: CXX_FEATURE:1cxx_variable_templates
    Feature record: CXX_FEATURE:1cxx_variadic_macros
    Feature record: CXX_FEATURE:1cxx_variadic_templates


Detecting CXX [-std=c++11] compiler features compiled with the following output:
Change Dir: /root/picture/comTutor/findStrFromMat/ckbuild_ft/CMakeFiles/CMakeTmp

Run Build Command:"/usr/bin/gmake" "cmTC_2d37a/fast"
/usr/bin/gmake -f CMakeFiles/cmTC_2d37a.dir/build.make CMakeFiles/cmTC_2d37a.dir/build
gmake[1]: Entering directory '/root/picture/comTutor/findStrFromMat/ckbuild_ft/CMakeFiles/CMakeTmp'
Building CXX object CMakeFiles/cmTC_2d37a.dir/feature_tests.cxx.o
/usr/lib64/ccache/c++    -std=c++11 -o CMakeFiles/cmTC_2d37a.dir/feature_tests.cxx.o -c /root/picture/comTutor/findStrFromMat/ckbuild_ft/CMakeFiles/feature_tests.cxx
Linking CXX executable cmTC_2d37a
/usr/bin/cmake -E cmake_link_script CMakeFiles/cmTC_2d37a.dir/link.txt --verbose=1
/usr/lib64/ccache/c++       -rdynamic CMakeFiles/cmTC_2d37a.dir/feature_tests.cxx.o  -o cmTC_2d37a 
gmake[1]: Leaving directory '/root/picture/comTutor/findStrFromMat/ckbuild_ft/CMakeFiles/CMakeTmp'


    Feature record: CXX_FEATURE:0cxx_aggregate_default_initializers
    Feature record: CXX_FEATURE:1cxx_alias_templates
    Feature record: CXX_FEATURE:1cxx_alignas
    Feature record: CXX_FEATURE:1cxx_alignof
    Feature record: CXX_FEATURE:1cxx_attributes
    Feature record: CXX_FEATURE:0cxx_attribute_deprecated
    Feature record: CXX_FEATURE:1cxx_auto_type
    Feature record: CXX_FEATURE:0cxx_binary_literals
    Feature record: CXX_FEATURE:1cxx_constexpr
    Feature record: CXX_FEATURE:0cxx_contextual_conversions
    Feature record: CXX_FEATURE:1cxx_decltype
    Feature record: CXX_FEATURE:0cxx_decltype_auto
    Feature record: CXX_FEATURE:1cxx_decltype_incomplete_return_types
    Feature record: CXX_FEATURE:1cxx_default_function_template_args
    Feature record: CXX_FEATURE:1cxx_defaulted_functions
    Feature record: CXX_FEATURE:1cxx_defaulted_move_initializers
    Feature record: CXX_FEATURE:1cxx_delegating_constructors
    Feature record: CXX_FEATURE:1cxx_deleted_functions
    Feature record: CXX_FEATURE:0cxx_digit_separators
    Feature record: CXX_FEATURE:1cxx_enum_forward_declarations
    Feature record: CXX_FEATURE:1cxx_explicit_conversions
    Feature record: CXX_FEATURE:1cxx_extended_friend_declarations
    Feature record: CXX_FEATURE:1cxx_extern_templates
    Feature record: CXX_FEATURE:1cxx_final
    Feature record: CXX_FEATURE:1cxx_func_identifier
    Feature record: CXX_FEATURE:1cxx_generalized_initializers
    Feature record: CXX_FEATURE:0cxx_generic_lambdas
    Feature record: CXX_FEATURE:1cxx_inheriting_constructors
    Feature record: CXX_FEATURE:1cxx_inline_namespaces
    Feature record: CXX_FEATURE:1cxx_lambdas
    Feature record: CXX_FEATURE:0cxx_lambda_init_captures
    Feature record: CXX_FEATURE:1cxx_local_type_template_args
    Feature record: CXX_FEATURE:1cxx_long_long_type
    Feature record: CXX_FEATURE:1cxx_noexcept
    Feature record: CXX_FEATURE:1cxx_nonstatic_member_init
    Feature record: CXX_FEATURE:1cxx_nullptr
    Feature record: CXX_FEATURE:1cxx_override
    Feature record: CXX_FEATURE:1cxx_range_for
    Feature record: CXX_FEATURE:1cxx_raw_string_literals
    Feature record: CXX_FEATURE:1cxx_reference_qualified_functions
    Feature record: CXX_FEATURE:0cxx_relaxed_constexpr
    Feature record: CXX_FEATURE:0cxx_return_type_deduction
    Feature record: CXX_FEATURE:1cxx_right_angle_brackets
    Feature record: CXX_FEATURE:1cxx_rvalue_references
    Feature record: CXX_FEATURE:1cxx_sizeof_member
    Feature record: CXX_FEATURE:1cxx_static_assert
    Feature record: CXX_FEATURE:1cxx_strong_enums
    Feature record: CXX_FEATURE:1cxx_template_template_parameters
    Feature record: CXX_FEATURE:1cxx_thread_local
    Feature record: CXX_FEATURE:1cxx_trailing_return_types
    Feature record: CXX_FEATURE:1cxx_unicode_literals
    Feature record: CXX_FEATURE:1cxx_uniform_initialization
    Feature record: CXX_FEATURE:1cxx_unrestricted_unions
    Feature record: CXX_FEATURE:1cxx_user_literals
    Feature record: CXX_FEATURE:0cxx_variable_templates
    Feature record: CXX_FEATURE:1cxx_variadic_macros
    Feature record: CXX_FEATURE:1cxx_variadic_templates


Detecting CXX [-std=c++98] compiler features compiled with the following output:
Change Dir: /root/picture/comTutor/findStrFromMat/ckbuild_ft/CMakeFiles/CMakeTmp

Run Build Command:"/usr/bin/gmake" "cmTC_8833a/fast"
/usr/bin/gmake -f CMakeFiles/cmTC_8833a.dir/build.make CMakeFiles/cmTC_8833a.dir/build
gmake[1]: Entering directory '/root/picture/comTutor/findStrFromMat/ckbuild_ft/CMakeFiles/CMakeTmp'
Building CXX object CMakeFiles/cmTC_8833a.dir/feature_tests.cxx.o
/usr/lib64/ccache/c++    -std=c++98 -o CMakeFiles/cmTC_8833a.dir/feature_tests.cxx.o -c /root/picture/comTutor/findStrFromMat/ckbuild_ft/CMakeFiles/feature_tests.cxx
Linking CXX executable cmTC_8833a
/usr/bin/cmake -E cmake_link_script CMakeFiles/cmTC_8833a.dir/link.txt --verbose=1
/usr/lib64/ccache/c++       -rdynamic CMakeFiles/cmTC_8833a.dir/feature_tests.cxx.o  -o cmTC_8833a 
gmake[1]: Leaving directory '/root/picture/comTutor/findStrFromMat/ckbuild_ft/CMakeFiles/CMakeTmp'


    Feature record: CXX_FEATURE:0cxx_aggregate_default_initializers
    Feature record: CXX_FEATURE:0cxx_alias_templates
    Feature record: CXX_FEATURE:0cxx_alignas
    Feature record: CXX_FEATURE:0cxx_alignof
    Feature record: CXX_FEATURE:0cxx_attributes
    Feature record: CXX_FEATURE:0cxx_attribute_deprecated
    Feature record: CXX_FEATURE:0cxx_auto_type
    Feature record: CXX_FEATURE:0cxx_binary_literals
    Feature record: CXX_FEATURE:0cxx_constexpr
    Feature record: CXX_FEATURE:0cxx_contextual_conversions
    Feature record: CXX_FEATURE:0cxx_decltype
    Feature record: CXX_FEATURE:0cxx_decltype_auto
    Feature record: CXX_FEATURE:0cxx_decltype_incomplete_return_types
    Feature record: CXX_FEATURE:0cxx_default_function_template_args
    Feature record: CXX_FEATURE:0cxx_defaulted_functions
    Feature record: CXX_FEATURE:0cxx_defaulted_move_initializers
    Feature record: CXX_FEATURE:0cxx_delegating_constructors
    Feature record: CXX_FEATURE:0cxx_deleted_functions
    Feature record: CXX_FEATURE:0cxx_digit_separators
    Feature record: CXX_FEATURE:0cxx_enum_forward_declarations
    Feature record: CXX_FEATURE:0cxx_explicit_conversions
    Feature record: CXX_FEATURE:0cxx_extended_friend_declarations
    Feature record: CXX_FEATURE:0cxx_extern_templates
    Feature record: CXX_FEATURE:0cxx_final
    Feature record: CXX_FEATURE:0cxx_func_identifier
    Feature record: CXX_FEATURE:0cxx_generalized_initializers
    Feature record: CXX_FEATURE:0cxx_generic_lambdas
    Feature record: CXX_FEATURE:0cxx_inheriting_constructors
    Feature record: CXX_FEATURE:0cxx_inline_namespaces
    Feature record: CXX_FEATURE:0cxx_lambdas
    Feature record: CXX_FEATURE:0cxx_lambda_init_captures
    Feature record: CXX_FEATURE:0cxx_local_type_template_args
    Feature record: CXX_FEATURE:0cxx_long_long_type
    Feature record: CXX_FEATURE:0cxx_noexcept
    Feature record: CXX_FEATURE:0cxx_nonstatic_member_init
    Feature record: CXX_FEATURE:0cxx_nullptr
    Feature record: CXX_FEATURE:0cxx_override
    Feature record: CXX_FEATURE:0cxx_range_for
    Feature record: CXX_FEATURE:0cxx_raw_string_literals
    Feature record: CXX_FEATURE:0cxx_reference_qualified_functions
    Feature record: CXX_FEATURE:0cxx_relaxed_constexpr
    Feature record: CXX_FEATURE:0cxx_return_type_deduction
    Feature record: CXX_FEATURE:0cxx_right_angle_brackets
    Feature record: CXX_FEATURE:0cxx_rvalue_references
    Feature record: CXX_FEATURE:0cxx_sizeof_member
    Feature record: CXX_FEATURE:0cxx_static_assert
    Feature record: CXX_FEATURE:0cxx_strong_enums
    Feature record: CXX_FEATURE:1cxx_template_template_parameters
    Feature record: CXX_FEATURE:0cxx_thread_local
    Feature record: CXX_FEATURE:0cxx_trailing_return_types
    Feature record: CXX_FEATURE:0cxx_unicode_literals
    Feature record: CXX_FEATURE:0cxx_uniform_initialization
    Feature record: CXX_FEATURE:0cxx_unrestricted_unions
    Feature record: CXX_FEATURE:0cxx_user_literals
    Feature record: CXX_FEATURE:0cxx_variable_templates
    Feature record: CXX_FEATURE:0cxx_variadic_macros
    Feature record: CXX_FEATURE:0cxx_variadic_templates
